1639668344599	geckodriver	INFO	Listening on 127.0.0.1:52298
1639668349993	mozrunner::runner	INFO	Running command: "C:\\Program Files\\Mozilla Firefox\\firefox.exe" "--marionette" "-headless" "--remote-debugging-port" "52299" "-no-remote" "-profile" "C:\\Users\\TRUYEN~1\\AppData\\Local\\Temp\\rust_mozprofile3nKGlt"
*** You are running in headless mode.
1639668350214	Marionette	INFO	Marionette enabled
console.log: WebExtensions: reset-default-search: starting.
console.log: WebExtensions: reset-default-search: has already ran once and saw panel, exit.
[GFX1-]: RenderCompositorSWGL failed mapping default framebuffer, no dt
DevTools listening on ws://localhost:52299/devtools/browser/31a4b90d-f5d7-4549-8982-a5d200ed57ec
1639668351418	Marionette	INFO	Listening on port 52304
console.log: WebExtensions: reset-default-search: starting.
console.log: WebExtensions: reset-default-search: has already ran once and saw panel, exit.
1639668351546	RemoteAgent	WARN	TLS certificate errors will be ignored for this session
JavaScript warning: https://accounts.google.com/ServiceLogin?service=mail&passive=true&rm=false&continue=https://mail.google.com/mail/&ss=1&scc=1&ltmpl=default&ltmplcache=2&emr=1&osid=1# line 1 > eval line 3227 > eval, line 1: WEBGL_debug_renderer_info is deprecated in Firefox and will be removed. Please use RENDERER.
Exiting due to channel error.
Exiting due to channel error.
Exiting due to channel error.
1639684819527	geckodriver	INFO	Listening on 127.0.0.1:52124
1639684861860	geckodriver	INFO	Listening on 127.0.0.1:52132
1639684867297	mozrunner::runner	INFO	Running command: "C:\\Program Files\\Mozilla Firefox\\firefox.exe" "--marionette" "--remote-debugging-port" "52133" "-no-remote" "-profile" "C:\\Users\\TRUYEN~1\\AppData\\Local\\Temp\\rust_mozprofileYmh7AW"
1639684867955	Marionette	INFO	Marionette enabled
console.log: WebExtensions: reset-default-search: starting.
console.log: WebExtensions: reset-default-search: has already ran once and saw panel, exit.
DevTools listening on ws://localhost:52133/devtools/browser/3e8fe1dd-c6ba-44ad-b024-b1f99053f93a
1639684870165	Marionette	INFO	Listening on port 52138
console.log: WebExtensions: reset-default-search: starting.
console.log: WebExtensions: reset-default-search: has already ran once and saw panel, exit.
1639684870501	RemoteAgent	WARN	TLS certificate errors will be ignored for this session
[Child 4060, MediaDecoderStateMachine #1] WARNING: 170dc5ab900 Could not set cubeb stream name.: file /builds/worker/checkouts/gecko/dom/media/AudioStream.cpp:367
JavaScript warning: https://accounts.google.com/ServiceLogin?service=mail&passive=true&rm=false&continue=https://mail.google.com/mail/&ss=1&scc=1&ltmpl=default&ltmplcache=2&emr=1&osid=1# line 1 > eval line 6715 > eval, line 1: WEBGL_debug_renderer_info is deprecated in Firefox and will be removed. Please use RENDERER.
1639684882158	Marionette	INFO	Stopped listening on port 52138
console.warn: TopSitesFeed: Failed to fetch data from Contile server: NetworkError when attempting to fetch resource.

###!!! [Child][RunMessage] Error: Channel closing: too late to send/recv, messages will be lost

1639684907604	geckodriver	INFO	Listening on 127.0.0.1:52219
1639684949232	geckodriver	INFO	Listening on 127.0.0.1:52234
1639684954759	mozrunner::runner	INFO	Running command: "C:\\Program Files\\Mozilla Firefox\\firefox.exe" "--marionette" "--remote-debugging-port" "52235" "-no-remote" "-profile" "C:\\Users\\TRUYEN~1\\AppData\\Local\\Temp\\rust_mozprofileczX1qW"
1639684955065	Marionette	INFO	Marionette enabled
console.log: WebExtensions: reset-default-search: starting.
console.log: WebExtensions: reset-default-search: has already ran once and saw panel, exit.
DevTools listening on ws://localhost:52235/devtools/browser/3ffff3c9-b90a-4ae4-b68c-d1e7dfe6197a
1639684956945	Marionette	INFO	Listening on port 52240
console.log: WebExtensions: reset-default-search: starting.
console.log: WebExtensions: reset-default-search: has already ran once and saw panel, exit.
1639684957426	RemoteAgent	WARN	TLS certificate errors will be ignored for this session
[Child 4452, MediaDecoderStateMachine #1] WARNING: 16842fec900 Could not set cubeb stream name.: file /builds/worker/checkouts/gecko/dom/media/AudioStream.cpp:367
JavaScript warning: https://accounts.google.com/ServiceLogin?service=mail&passive=true&rm=false&continue=https://mail.google.com/mail/&ss=1&scc=1&ltmpl=default&ltmplcache=2&emr=1&osid=1# line 1 > eval line 36 > eval, line 1: WEBGL_debug_renderer_info is deprecated in Firefox and will be removed. Please use RENDERER.
[Child 4452, MediaDecoderStateMachine #1] WARNING: 1684c3d0ba0 Could not set cubeb stream name.: file /builds/worker/checkouts/gecko/dom/media/AudioStream.cpp:367
1639685241198	Marionette	INFO	Stopped listening on port 52240
console.warn: TopSitesFeed: Failed to fetch data from Contile server: NetworkError when attempting to fetch resource.

###!!! [Child][RunMessage] Error: Channel closing: too late to send/recv, messages will be lost

1639685310296	geckodriver	INFO	Listening on 127.0.0.1:57311
1639685315937	mozrunner::runner	INFO	Running command: "C:\\Program Files\\Mozilla Firefox\\firefox.exe" "--marionette" "-headless" "--remote-debugging-port" "57312" "-no-remote" "-profile" "C:\\Users\\TRUYEN~1\\AppData\\Local\\Temp\\rust_mozprofile1ndOfn"
*** You are running in headless mode.
1639685316227	Marionette	INFO	Marionette enabled
console.log: WebExtensions: reset-default-search: starting.
console.log: WebExtensions: reset-default-search: has already ran once and saw panel, exit.
[GFX1-]: RenderCompositorSWGL failed mapping default framebuffer, no dt
DevTools listening on ws://localhost:57312/devtools/browser/023fcd83-16ed-4d64-a69b-31d19a8399e4
1639685317627	Marionette	INFO	Listening on port 57317
console.log: WebExtensions: reset-default-search: starting.
console.log: WebExtensions: reset-default-search: has already ran once and saw panel, exit.
1639685317987	RemoteAgent	WARN	TLS certificate errors will be ignored for this session
[Child 2004, MediaDecoderStateMachine #1] WARNING: 1ad58238580 Could not set cubeb stream name.: file /builds/worker/checkouts/gecko/dom/media/AudioStream.cpp:367
JavaScript warning: https://accounts.google.com/ServiceLogin?service=mail&passive=true&rm=false&continue=https://mail.google.com/mail/&ss=1&scc=1&ltmpl=default&ltmplcache=2&emr=1&osid=1# line 1 > eval line 2900 > eval line 1 > eval, line 1: WEBGL_debug_renderer_info is deprecated in Firefox and will be removed. Please use RENDERER.

###!!! [Parent][RunMessage] Error: Channel closing: too late to send/recv, messages will be lost

[Child 2004, MediaDecoderStateMachine #1] WARNING: 1ad5e9d73c0 Could not set cubeb stream name.: file /builds/worker/checkouts/gecko/dom/media/AudioStream.cpp:367
[Child 2004, MediaDecoderStateMachine #1] WARNING: 1ad5e9d73c0 Could not set cubeb stream name.: file /builds/worker/checkouts/gecko/dom/media/AudioStream.cpp:367
JavaScript warning: https://pagead2.googlesyndication.com/bg/b_8rsBg2pSAE7OSEuXeXkmKAJRzK7XLbOE8Wp2RNR2Q.js line 1 > eval line 7055 > eval, line 1: WEBGL_debug_renderer_info is deprecated in Firefox and will be removed. Please use RENDERER.
[Child 2004, MediaDecoderStateMachine #1] WARNING: 1ad5b6e3200 Could not set cubeb stream name.: file /builds/worker/checkouts/gecko/dom/media/AudioStream.cpp:367
[Child 2004, MediaDecoderStateMachine #1] WARNING: 1ad58028f20 Could not set cubeb stream name.: file /builds/worker/checkouts/gecko/dom/media/AudioStream.cpp:367
JavaScript warning: https://pagead2.googlesyndication.com/bg/b_8rsBg2pSAE7OSEuXeXkmKAJRzK7XLbOE8Wp2RNR2Q.js line 1 > eval line 2713 > eval line 1 > eval, line 1: WEBGL_debug_renderer_info is deprecated in Firefox and will be removed. Please use RENDERER.
[Child 2004, MediaDecoderStateMachine #1] WARNING: 1ad5a303d60 Could not set cubeb stream name.: file /builds/worker/checkouts/gecko/dom/media/AudioStream.cpp:367
[Child 2004, MediaDecoderStateMachine #1] WARNING: 1ad599bd9e0 Could not set cubeb stream name.: file /builds/worker/checkouts/gecko/dom/media/AudioStream.cpp:367
JavaScript warning: https://pagead2.googlesyndication.com/bg/b_8rsBg2pSAE7OSEuXeXkmKAJRzK7XLbOE8Wp2RNR2Q.js line 1 > eval line 7350 > eval, line 1: WEBGL_debug_renderer_info is deprecated in Firefox and will be removed. Please use RENDERER.
[Child 2004, MediaDecoderStateMachine #1] WARNING: 1ad5ab44820 Could not set cubeb stream name.: file /builds/worker/checkouts/gecko/dom/media/AudioStream.cpp:367
Exiting due to channel error.
Exiting due to channel error.
annel closing: too late to send/recv, messages will be lost

[Parent 6152, IPC I/O Parent] WARNING: file /builds/worker/checkouts/gecko/ipc/chromium/src/base/process_util_win.cc:167
