1639722112260	geckodriver	INFO	Listening on 127.0.0.1:57120
1639722118597	mozrunner::runner	INFO	Running command: "C:\\Program Files\\Mozilla Firefox\\firefox.exe" "--marionette" "--remote-debugging-port" "57121" "-no-remote" "-profile" "C:\\Users\\TRUYEN~1\\AppData\\Local\\Temp\\rust_mozprofileX2U7Eb"
1639722118867	Marionette	INFO	Marionette enabled
console.log: WebExtensions: reset-default-search: starting.
console.log: WebExtensions: reset-default-search: has already ran once and saw panel, exit.
DevTools listening on ws://localhost:57121/devtools/browser/a6929365-4430-4d4a-8fae-aa904377d937
1639722120635	Marionette	INFO	Listening on port 57127
1639722120749	RemoteAgent	WARN	TLS certificate errors will be ignored for this session
console.log: WebExtensions: reset-default-search: starting.
console.log: WebExtensions: reset-default-search: has already ran once and saw panel, exit.
JavaScript warning: https://pagead2.googlesyndication.com/bg/b_8rsBg2pSAE7OSEuXeXkmKAJRzK7XLbOE8Wp2RNR2Q.js line 1 > eval line 4192 > eval line 1 > eval, line 1: WEBGL_debug_renderer_info is deprecated in Firefox and will be removed. Please use RENDERER.
[Child 740, MediaDecoderStateMachine #1] WARNING: 1e7874fcd60 Could not set cubeb stream name.: file /builds/worker/checkouts/gecko/dom/media/AudioStream.cpp:367
JavaScript warning: https://accounts.google.com/ServiceLogin?service=mail&passive=true&rm=false&continue=https://mail.google.com/mail/&ss=1&scc=1&ltmpl=default&ltmplcache=2&emr=1&osid=1# line 1 > eval line 6226 > eval, line 1: WEBGL_debug_renderer_info is deprecated in Firefox and will be removed. Please use RENDERER.
[Child 740, MediaDecoderStateMachine #1] WARNING: 1e7f5a9b040 Could not set cubeb stream name.: file /builds/worker/checkouts/gecko/dom/media/AudioStream.cpp:367
1639722145226	Marionette	INFO	Stopped listening on port 57127

###!!! [Parent][MessageChannel] Error: (msgtype=0x39007A,name=PContent::Msg_DestroyBrowsingContextGroup) Closed channel: cannot send/recv


###!!! [Child][MessageChannel] Error: (msgtype=0x6A0023,name=PNecko::Msg_RemoveRequestContext) Channel closing: too late to send/recv, messages will be lost


###!!! [Child][RunMessage] Error: Channel closing: too late to send/recv, messages will be lost

1639722979890	geckodriver	INFO	Listening on 127.0.0.1:58260
1639722986702	mozrunner::runner	INFO	Running command: "C:\\Program Files\\Mozilla Firefox\\firefox.exe" "--marionette" "--remote-debugging-port" "58261" "-no-remote" "-profile" "C:\\Users\\TRUYEN~1\\AppData\\Local\\Temp\\rust_mozprofileH6Gote"
1639722987010	Marionette	INFO	Marionette enabled
console.log: WebExtensions: reset-default-search: starting.
console.log: WebExtensions: reset-default-search: has already ran once and saw panel, exit.
DevTools listening on ws://localhost:58261/devtools/browser/ceaadfa1-67c5-4f25-9d96-0277f655edba
1639722988832	Marionette	INFO	Listening on port 58266
1639722988904	RemoteAgent	WARN	TLS certificate errors will be ignored for this session
console.log: WebExtensions: reset-default-search: starting.
console.log: WebExtensions: reset-default-search: has already ran once and saw panel, exit.
JavaScript warning: https://pagead2.googlesyndication.com/bg/b_8rsBg2pSAE7OSEuXeXkmKAJRzK7XLbOE8Wp2RNR2Q.js line 1 > eval line 5275 > eval line 1 > eval, line 1: WEBGL_debug_renderer_info is deprecated in Firefox and will be removed. Please use RENDERER.
[Child 8224, MediaDecoderStateMachine #1] WARNING: 203bb5ae040 Could not set cubeb stream name.: file /builds/worker/checkouts/gecko/dom/media/AudioStream.cpp:367
JavaScript error: resource://gre/actors/AudioPlaybackParent.jsm, line 24: TypeError: browser is null
1639723020969	Marionette	INFO	Stopped listening on port 58266
JavaScript error: chrome://remote/content/marionette/cert.js, line 55: NS_ERROR_NOT_AVAILABLE: Component returned failure code: 0x80040111 (NS_ERROR_NOT_AVAILABLE) [nsICertOverrideService.setDisableAllSecurityChecksAndLetAttackersInterceptMyData]
1639723393913	geckodriver	INFO	Listening on 127.0.0.1:58363
1639723400651	mozrunner::runner	INFO	Running command: "C:\\Program Files\\Mozilla Firefox\\firefox.exe" "--marionette" "--remote-debugging-port" "58364" "-no-remote" "-profile" "C:\\Users\\TRUYEN~1\\AppData\\Local\\Temp\\rust_mozprofileLNxm8y"
1639723400938	Marionette	INFO	Marionette enabled
console.log: WebExtensions: reset-default-search: starting.
console.log: WebExtensions: reset-default-search: has already ran once and saw panel, exit.
DevTools listening on ws://localhost:58364/devtools/browser/b4d7dd7b-ad04-44b9-b078-8ce32d2a37fd
1639723402626	Marionette	INFO	Listening on port 58370
1639723402699	RemoteAgent	WARN	TLS certificate errors will be ignored for this session
console.log: WebExtensions: reset-default-search: starting.
console.log: WebExtensions: reset-default-search: has already ran once and saw panel, exit.
[Child 3132, MediaDecoderStateMachine #1] WARNING: 23f87cf2ac0 Could not set cubeb stream name.: file /builds/worker/checkouts/gecko/dom/media/AudioStream.cpp:367
JavaScript warning: https://accounts.google.com/ServiceLogin?service=mail&passive=true&rm=false&continue=https://mail.google.com/mail/&ss=1&scc=1&ltmpl=default&ltmplcache=2&emr=1&osid=1# line 1 > eval line 780 > eval line 1 > eval, line 1: WEBGL_debug_renderer_info is deprecated in Firefox and will be removed. Please use RENDERER.
1639723409260	Marionette	INFO	Stopped listening on port 58370
JavaScript error: chrome://remote/content/marionette/cert.js, line 55: NS_ERROR_NOT_AVAILABLE: Component returned failure code: 0x80040111 (NS_ERROR_NOT_AVAILABLE) [nsICertOverrideService.setDisableAllSecurityChecksAndLetAttackersInterceptMyData]
JavaScript error: resource://gre/modules/BackgroundPageThumbs.jsm, line 718: TypeError: captureCallback is not a function

###!!! [Child][RunMessage] Error: Channel closing: too late to send/recv, messages will be lost


###!!! [Parent][MessageChannel] Error: (msgtype=0x39014F,name=PContent::Reply_DiscardBrowsingContext) Closed channel: cannot send/recv


###!!! [Parent][MessageChannel] Error: (msgtype=0x39014F,name=PContent::Reply_DiscardBrowsingContext) Closed channel: cannot send/recv


###!!! [Parent][MessageChannel] Error: (msgtype=0x39007A,name=PContent::Msg_DestroyBrowsingContextGroup) Closed channel: cannot send/recv


###!!! [Child][RunMessage] Error: Channel closing: too late to send/recv, messages will be lost


###!!! [Child][RunMessage] Error: Channel closing: too late to send/recv, messages will be lost


###!!! [Child][RunMessage] Error: Channel closing: too late to send/recv, messages will be lost

1639723655820	geckodriver	INFO	Listening on 127.0.0.1:58541
1639723662184	mozrunner::runner	INFO	Running command: "C:\\Program Files\\Mozilla Firefox\\firefox.exe" "--marionette" "--remote-debugging-port" "58542" "-no-remote" "-profile" "C:\\Users\\TRUYEN~1\\AppData\\Local\\Temp\\rust_mozprofilexrmB9F"
1639723662465	Marionette	INFO	Marionette enabled
console.log: WebExtensions: reset-default-search: starting.
console.log: WebExtensions: reset-default-search: has already ran once and saw panel, exit.
DevTools listening on ws://localhost:58542/devtools/browser/035c7d47-6d89-41f1-9f0f-74b783ce0896
1639723664351	Marionette	INFO	Listening on port 58549
console.log: WebExtensions: reset-default-search: starting.
console.log: WebExtensions: reset-default-search: has already ran once and saw panel, exit.
1639723664852	RemoteAgent	WARN	TLS certificate errors will be ignored for this session
[Child 6076, MediaDecoderStateMachine #1] WARNING: 15492c542e0 Could not set cubeb stream name.: file /builds/worker/checkouts/gecko/dom/media/AudioStream.cpp:367
JavaScript warning: https://accounts.google.com/ServiceLogin?service=mail&passive=true&rm=false&continue=https://mail.google.com/mail/&ss=1&scc=1&ltmpl=default&ltmplcache=2&emr=1&osid=1# line 1 > eval line 6195 > eval, line 1: WEBGL_debug_renderer_info is deprecated in Firefox and will be removed. Please use RENDERER.
1639723671220	Marionette	INFO	Stopped listening on port 58549
JavaScript error: chrome://remote/content/marionette/cert.js, line 55: NS_ERROR_NOT_AVAILABLE: Component returned failure code: 0x80040111 (NS_ERROR_NOT_AVAILABLE) [nsICertOverrideService.setDisableAllSecurityChecksAndLetAttackersInterceptMyData]

###!!! [Parent][MessageChannel] Error: (msgtype=0x39007A,name=PContent::Msg_DestroyBrowsingContextGroup) Closed channel: cannot send/recv


###!!! [Child][RunMessage] Error: Channel closing: too late to send/recv, messages will be lost

1639741090011	geckodriver	INFO	Listening on 127.0.0.1:52901
1639741096516	mozrunner::runner	INFO	Running command: "C:\\Program Files\\Mozilla Firefox\\firefox.exe" "--marionette" "--remote-debugging-port" "52902" "-no-remote" "-profile" "C:\\Users\\TRUYEN~1\\AppData\\Local\\Temp\\rust_mozprofileXj4nok"
1639741096795	Marionette	INFO	Marionette enabled
DevTools listening on ws://localhost:52902/devtools/browser/f0393c93-ab80-49de-bafd-518c3d45c983
1639741098558	Marionette	INFO	Listening on port 52910
1639741098679	RemoteAgent	WARN	TLS certificate errors will be ignored for this session
JavaScript warning: https://pagead2.googlesyndication.com/bg/b_8rsBg2pSAE7OSEuXeXkmKAJRzK7XLbOE8Wp2RNR2Q.js line 1 > eval line 3875 > eval, line 1: WEBGL_debug_renderer_info is deprecated in Firefox and will be removed. Please use RENDERER.
[Child 15696, MediaDecoderStateMachine #1] WARNING: 1abcf7ea4a0 Could not set cubeb stream name.: file /builds/worker/checkouts/gecko/dom/media/AudioStream.cpp:367

###!!! [Parent][RunMessage] Error: Channel closing: too late to send/recv, messages will be lost

[Child 15696, MediaDecoderStateMachine #1] WARNING: 1abe260a2e0 Could not set cubeb stream name.: file /builds/worker/checkouts/gecko/dom/media/AudioStream.cpp:367
JavaScript warning: https://pagead2.googlesyndication.com/bg/b_8rsBg2pSAE7OSEuXeXkmKAJRzK7XLbOE8Wp2RNR2Q.js line 1 > eval line 136 > eval, line 1: WEBGL_debug_renderer_info is deprecated in Firefox and will be removed. Please use RENDERER.
1639741162903	Marionette	INFO	Stopped listening on port 52910

###!!! [Parent][MessageChannel] Error: (msgtype=0x39014F,name=PContent::Reply_DiscardBrowsingContext) Closed channel: cannot send/recv


###!!! [Parent][MessageChannel] Error: (msgtype=0x39014F,name=PContent::Reply_DiscardBrowsingContext) Closed channel: cannot send/recv


###!!! [Parent][MessageChannel] Error: (msgtype=0x39014F,name=PContent::Reply_DiscardBrowsingContext) Closed channel: cannot send/recv


###!!! [Parent][MessageChannel] Error: (msgtype=0x39007A,name=PContent::Msg_DestroyBrowsingContextGroup) Closed channel: cannot send/recv


###!!! [Child][RunMessage] Error: Channel closing: too late to send/recv, messages will be lost


###!!! [Child][RunMessage] Error: Channel closing: too late to send/recv, messages will be lost


###!!! [Child][RunMessage] Error: Channel closing: too late to send/recv, messages will be lost


###!!! [Child][RunMessage] Error: Channel closing: too late to send/recv, messages will be lost


###!!! [Child][RunMessage] Error: Channel closing: too late to send/recv, messages will be lost


###!!! [Child][MessageChannel] Error: (msgtype=0x390147,name=PContent::Msg_ScriptError) Channel closing: too late to send/recv, messages will be lost


###!!! [Child][RunMessage] Error: Channel closing: too late to send/recv, messages will be lost


###!!! [Child][MessageChannel] Error: (msgtype=0x390147,name=PContent::Msg_ScriptError) Channel closing: too late to send/recv, messages will be lost


###!!! [Child][RunMessage] Error: Channel closing: too late to send/recv, messages will be lost


###!!! [Child][RunMessage] Error: Channel closing: too late to send/recv, messages will be lost


###!!! [Child][RunMessage] Error: Channel closing: too late to send/recv, messages will be lost


###!!! [Child][MessageChannel] Error: (msgtype=0x390147,name=PContent::Msg_ScriptError) Channel closing: too late to send/recv, messages will be lost


###!!! [Child][MessageChannel] Error: (msgtype=0x390147,name=PContent::Msg_ScriptError) Channel closing: too late to send/recv, messages will be lost


###!!! [Child][RunMessage] Error: Channel closing: too late to send/recv, messages will be lost


###!!! [Child][RunMessage] Error: Channel closing: too late to send/recv, messages will be lost


###!!! [Parent][RunMessage] Error: Channel closing: too late to send/recv, messages will be lost

1639741200190	geckodriver	INFO	Listening on 127.0.0.1:53024
1639741206839	mozrunner::runner	INFO	Running command: "C:\\Program Files\\Mozilla Firefox\\firefox.exe" "--marionette" "--remote-debugging-port" "53025" "-no-remote" "-profile" "C:\\Users\\TRUYEN~1\\AppData\\Local\\Temp\\rust_mozprofileXxAYn2"
1639741207104	Marionette	INFO	Marionette enabled
DevTools listening on ws://localhost:53025/devtools/browser/d9267566-ea5a-4807-bb21-d24f195b5ee5
1639741208821	Marionette	INFO	Listening on port 53033
1639741208910	RemoteAgent	WARN	TLS certificate errors will be ignored for this session
[Child 15460, MediaDecoderStateMachine #1] WARNING: 2421b1cb120 Could not set cubeb stream name.: file /builds/worker/checkouts/gecko/dom/media/AudioStream.cpp:367
[Child 15460, MediaDecoderStateMachine #1] WARNING: 2422d759200 Could not set cubeb stream name.: file /builds/worker/checkouts/gecko/dom/media/AudioStream.cpp:367
JavaScript warning: https://pagead2.googlesyndication.com/bg/b_8rsBg2pSAE7OSEuXeXkmKAJRzK7XLbOE8Wp2RNR2Q.js line 1 > eval line 4262 > eval line 1 > eval, line 1: WEBGL_debug_renderer_info is deprecated in Firefox and will be removed. Please use RENDERER.
1639741492355	Marionette	INFO	Stopped listening on port 53033

###!!! [Parent][MessageChannel] Error: (msgtype=0x39014F,name=PContent::Reply_DiscardBrowsingContext) Closed channel: cannot send/recv


###!!! [Parent][MessageChannel] Error: (msgtype=0x39014F,name=PContent::Reply_DiscardBrowsingContext) Closed channel: cannot send/recv


###!!! [Parent][MessageChannel] Error: (msgtype=0x39007A,name=PContent::Msg_DestroyBrowsingContextGroup) Closed channel: cannot send/recv


###!!! [Child][RunMessage] Error: Channel closing: too late to send/recv, messages will be lost


###!!! [Child][RunMessage] Error: Channel closing: too late to send/recv, messages will be lost


###!!! [Child][RunMessage] Error: Channel closing: too late to send/recv, messages will be lost


###!!! [Child][RunMessage] Error: Channel closing: too late to send/recv, messages will be lost


###!!! [Child][RunMessage] Error: Channel closing: too late to send/recv, messages will be lost


###!!! [Child][RunMessage] Error: Channel closing: too late to send/recv, messages will be lost


###!!! [Child][RunMessage] Error: Channel closing: too late to send/recv, messages will be lost


###!!! [Child][RunMessage] Error: Channel closing: too late to send/recv, messages will be lost

1639744850966	geckodriver	INFO	Listening on 127.0.0.1:59371
1639744858600	mozrunner::runner	INFO	Running command: "C:\\Program Files\\Mozilla Firefox\\firefox.exe" "--marionette" "--remote-debugging-port" "59372" "-no-remote" "-profile" "C:\\Users\\TRUYEN~1\\AppData\\Local\\Temp\\rust_mozprofilexIIb4x"
1639744859294	Marionette	INFO	Marionette enabled
DevTools listening on ws://localhost:59372/devtools/browser/b34e58ce-1ae5-49b2-aeb1-f435e462eae5
1639744861930	Marionette	INFO	Listening on port 59382
1639744862397	RemoteAgent	WARN	TLS certificate errors will be ignored for this session
JavaScript warning: https://pagead2.googlesyndication.com/bg/b_8rsBg2pSAE7OSEuXeXkmKAJRzK7XLbOE8Wp2RNR2Q.js line 1 > eval line 4295 > eval line 1 > eval, line 1: WEBGL_debug_renderer_info is deprecated in Firefox and will be removed. Please use RENDERER.
[Child 18732, MediaDecoderStateMachine #1] WARNING: 15de53702e0 Could not set cubeb stream name.: file /builds/worker/checkouts/gecko/dom/media/AudioStream.cpp:367
JavaScript warning: https://pagead2.googlesyndication.com/bg/b_8rsBg2pSAE7OSEuXeXkmKAJRzK7XLbOE8Wp2RNR2Q.js line 1 > eval line 3516 > eval, line 1: WEBGL_debug_renderer_info is deprecated in Firefox and will be removed. Please use RENDERER.
[Child 18732, MediaDecoderStateMachine #1] WARNING: 15de49c3580 Could not set cubeb stream name.: file /builds/worker/checkouts/gecko/dom/media/AudioStream.cpp:367
1639744908258	Marionette	INFO	Stopped listening on port 59382

###!!! [Child][RunMessage] Error: Channel closing: too late to send/recv, messages will be lost


###!!! [Child][RunMessage] Error: Channel closing: too late to send/recv, messages will be lost


###!!! [Parent][MessageChannel] Error: (msgtype=0x39014F,name=PContent::Reply_DiscardBrowsingContext) Closed channel: cannot send/recv


###!!! [Parent][MessageChannel] Error: (msgtype=0x39014F,name=PContent::Reply_DiscardBrowsingContext) Closed channel: cannot send/recv


###!!! [Parent][MessageChannel] Error: (msgtype=0x39014F,name=PContent::Reply_DiscardBrowsingContext) Closed channel: cannot send/recv


###!!! [Parent][MessageChannel] Error: (msgtype=0x39007A,name=PContent::Msg_DestroyBrowsingContextGroup) Closed channel: cannot send/recv


###!!! [Child][RunMessage] Error: Channel closing: too late to send/recv, messages will be lost

1639745046355	geckodriver	INFO	Listening on 127.0.0.1:59463
1639745052916	mozrunner::runner	INFO	Running command: "C:\\Program Files\\Mozilla Firefox\\firefox.exe" "--marionette" "--remote-debugging-port" "59464" "-no-remote" "-profile" "C:\\Users\\TRUYEN~1\\AppData\\Local\\Temp\\rust_mozprofilevck7Yk"
1639745053182	Marionette	INFO	Marionette enabled
DevTools listening on ws://localhost:59464/devtools/browser/e164cd1e-2711-4b96-a130-bfae68428084
1639745054934	Marionette	INFO	Listening on port 59469
1639745054973	RemoteAgent	WARN	TLS certificate errors will be ignored for this session
[Child 3440, MediaDecoderStateMachine #1] WARNING: 1aef487e3c0 Could not set cubeb stream name.: file /builds/worker/checkouts/gecko/dom/media/AudioStream.cpp:367
JavaScript warning: https://accounts.google.com/ServiceLogin?service=mail&passive=true&rm=false&continue=https://mail.google.com/mail/&ss=1&scc=1&ltmpl=default&ltmplcache=2&emr=1&osid=1# line 1 > eval line 1201 > eval line 1 > eval, line 1: WEBGL_debug_renderer_info is deprecated in Firefox and will be removed. Please use RENDERER.
[Child 3440, MediaDecoderStateMachine #1] WARNING: 1ae8a8544a0 Could not set cubeb stream name.: file /builds/worker/checkouts/gecko/dom/media/AudioStream.cpp:367
JavaScript warning: https://pagead2.googlesyndication.com/bg/b_8rsBg2pSAE7OSEuXeXkmKAJRzK7XLbOE8Wp2RNR2Q.js line 1 > eval line 1437 > eval line 1 > eval, line 1: WEBGL_debug_renderer_info is deprecated in Firefox and will be removed. Please use RENDERER.
1639745338786	Marionette	INFO	Stopped listening on port 59469

###!!! [Parent][MessageChannel] Error: (msgtype=0x39014F,name=PContent::Reply_DiscardBrowsingContext) Closed channel: cannot send/recv


###!!! [Parent][MessageChannel] Error: (msgtype=0x39014F,name=PContent::Reply_DiscardBrowsingContext) Closed channel: cannot send/recv


###!!! [Parent][MessageChannel] Error: (msgtype=0x39007A,name=PContent::Msg_DestroyBrowsingContextGroup) Closed channel: cannot send/recv


###!!! [Child][RunMessage] Error: Channel closing: too late to send/recv, messages will be lost


###!!! [Child][RunMessage] Error: Channel closing: too late to send/recv, messages will be lost


###!!! [Child][RunMessage] Error: Channel closing: too late to send/recv, messages will be lost


###!!! [Child][RunMessage] Error: Channel closing: too late to send/recv, messages will be lost


###!!! [Child][RunMessage] Error: Channel closing: too late to send/recv, messages will be lost


###!!! [Child][RunMessage] Error: Channel closing: too late to send/recv, messages will be lost


###!!! [Child][RunMessage] Error: Channel closing: too late to send/recv, messages will be lost


###!!! [Child][RunMessage] Error: Channel closing: too late to send/recv, messages will be lost


###!!! [Child][RunMessage] Error: Channel closing: too late to send/recv, messages will be lost

1639747432235	geckodriver	INFO	Listening on 127.0.0.1:54801
1639747439877	mozrunner::runner	INFO	Running command: "C:\\Program Files\\Mozilla Firefox\\firefox.exe" "--marionette" "--remote-debugging-port" "54802" "-no-remote" "-profile" "C:\\Users\\TRUYEN~1\\AppData\\Local\\Temp\\rust_mozprofileia9gHv"
1639747440226	Marionette	INFO	Marionette enabled
DevTools listening on ws://localhost:54802/devtools/browser/2651832a-6d69-4c64-8a37-66a36c2243e8
1639747442272	Marionette	INFO	Listening on port 54808
1639747442557	RemoteAgent	WARN	TLS certificate errors will be ignored for this session
JavaScript warning: https://pagead2.googlesyndication.com/bg/b_8rsBg2pSAE7OSEuXeXkmKAJRzK7XLbOE8Wp2RNR2Q.js line 1 > eval line 1706 > eval line 1 > eval, line 1: WEBGL_debug_renderer_info is deprecated in Firefox and will be removed. Please use RENDERER.
JavaScript warning: https://pagead2.googlesyndication.com/bg/b_8rsBg2pSAE7OSEuXeXkmKAJRzK7XLbOE8Wp2RNR2Q.js line 1 > eval line 1536 > eval line 1 > eval, line 1: WEBGL_debug_renderer_info is deprecated in Firefox and will be removed. Please use RENDERER.
JavaScript error: resource://gre/actors/AutoplayParent.jsm, line 13: TypeError: browser is null
JavaScript error: resource://gre/actors/AutoplayParent.jsm, line 13: TypeError: browser is null
1639747467471	Marionette	INFO	Stopped listening on port 54808
JavaScript error: chrome://remote/content/marionette/cert.js, line 55: NS_ERROR_NOT_AVAILABLE: Component returned failure code: 0x80040111 (NS_ERROR_NOT_AVAILABLE) [nsICertOverrideService.setDisableAllSecurityChecksAndLetAttackersInterceptMyData]

###!!! [Parent][MessageChannel] Error: (msgtype=0x39007A,name=PContent::Msg_DestroyBrowsingContextGroup) Closed channel: cannot send/recv

1639747534714	geckodriver	INFO	Listening on 127.0.0.1:54874
1639747541745	mozrunner::runner	INFO	Running command: "C:\\Program Files\\Mozilla Firefox\\firefox.exe" "--marionette" "--remote-debugging-port" "54875" "-no-remote" "-profile" "C:\\Users\\TRUYEN~1\\AppData\\Local\\Temp\\rust_mozprofilepwvvUv"
1639747542062	Marionette	INFO	Marionette enabled
DevTools listening on ws://localhost:54875/devtools/browser/790b84dd-ff85-4566-88d8-a398297bc416
1639747544130	Marionette	INFO	Listening on port 54880
1639747544426	RemoteAgent	WARN	TLS certificate errors will be ignored for this session
JavaScript warning: https://accounts.google.com/ServiceLogin?service=mail&passive=true&rm=false&continue=https://mail.google.com/mail/&ss=1&scc=1&ltmpl=default&ltmplcache=2&emr=1&osid=1# line 1 > eval line 4301 > eval, line 1: WEBGL_debug_renderer_info is deprecated in Firefox and will be removed. Please use RENDERER.
JavaScript warning: https://pagead2.googlesyndication.com/bg/b_8rsBg2pSAE7OSEuXeXkmKAJRzK7XLbOE8Wp2RNR2Q.js line 1 > eval line 6112 > eval line 1 > eval, line 1: WEBGL_debug_renderer_info is deprecated in Firefox and will be removed. Please use RENDERER.
[Child 12356, MediaDecoderStateMachine #1] WARNING: 1551064c4a0 Could not set cubeb stream name.: file /builds/worker/checkouts/gecko/dom/media/AudioStream.cpp:367
[Child 12356, MediaDecoderStateMachine #1] WARNING: 155195969e0 Could not set cubeb stream name.: file /builds/worker/checkouts/gecko/dom/media/AudioStream.cpp:367
JavaScript warning: https://pagead2.googlesyndication.com/bg/b_8rsBg2pSAE7OSEuXeXkmKAJRzK7XLbOE8Wp2RNR2Q.js line 1 > eval line 6087 > eval, line 1: WEBGL_debug_renderer_info is deprecated in Firefox and will be removed. Please use RENDERER.
1639747577612	Marionette	INFO	Stopped listening on port 54880

###!!! [Child][RunMessage] Error: Channel closing: too late to send/recv, messages will be lost


###!!! [Parent][MessageChannel] Error: (msgtype=0x39007A,name=PContent::Msg_DestroyBrowsingContextGroup) Closed channel: cannot send/recv


###!!! [Child][RunMessage] Error: Channel closing: too late to send/recv, messages will be lost


###!!! [Child][RunMessage] Error: Channel closing: too late to send/recv, messages will be lost


###!!! [Child][RunMessage] Error: Channel closing: too late to send/recv, messages will be lost


###!!! [Child][RunMessage] Error: Channel closing: too late to send/recv, messages will be lost

1639748014221	geckodriver	INFO	Listening on 127.0.0.1:55026
1639748021350	mozrunner::runner	INFO	Running command: "C:\\Program Files\\Mozilla Firefox\\firefox.exe" "--marionette" "--remote-debugging-port" "55027" "-no-remote" "-profile" "C:\\Users\\TRUYEN~1\\AppData\\Local\\Temp\\rust_mozprofileECAebs"
1639748021687	Marionette	INFO	Marionette enabled
DevTools listening on ws://localhost:55027/devtools/browser/fcadeb6c-a0ac-4b80-94cb-6514f20080c2
1639748023792	Marionette	INFO	Listening on port 55032
1639748024033	RemoteAgent	WARN	TLS certificate errors will be ignored for this session
JavaScript warning: https://pagead2.googlesyndication.com/bg/b_8rsBg2pSAE7OSEuXeXkmKAJRzK7XLbOE8Wp2RNR2Q.js line 1 > eval line 1114 > eval line 1 > eval, line 1: WEBGL_debug_renderer_info is deprecated in Firefox and will be removed. Please use RENDERER.
JavaScript warning: https://accounts.google.com/ServiceLogin?service=mail&passive=true&rm=false&continue=https://mail.google.com/mail/&ss=1&scc=1&ltmpl=default&ltmplcache=2&emr=1&osid=1# line 1 > eval line 276 > eval, line 1: WEBGL_debug_renderer_info is deprecated in Firefox and will be removed. Please use RENDERER.
[Child 19328, MediaDecoderStateMachine #1] WARNING: 1635c3d7200 Could not set cubeb stream name.: file /builds/worker/checkouts/gecko/dom/media/AudioStream.cpp:367
[Child 19328, MediaDecoderStateMachine #1] WARNING: 1635c2f9ba0 Could not set cubeb stream name.: file /builds/worker/checkouts/gecko/dom/media/AudioStream.cpp:367
JavaScript warning: https://pagead2.googlesyndication.com/bg/b_8rsBg2pSAE7OSEuXeXkmKAJRzK7XLbOE8Wp2RNR2Q.js line 1 > eval line 862 > eval, line 1: WEBGL_debug_renderer_info is deprecated in Firefox and will be removed. Please use RENDERER.
1639748154120	Marionette	INFO	Stopped listening on port 55032

###!!! [Parent][MessageChannel] Error: (msgtype=0x39014F,name=PContent::Reply_DiscardBrowsingContext) Closed channel: cannot send/recv


###!!! [Parent][MessageChannel] Error: (msgtype=0x39014F,name=PContent::Reply_DiscardBrowsingContext) Closed channel: cannot send/recv


###!!! [Parent][MessageChannel] Error: (msgtype=0x39014F,name=PContent::Reply_DiscardBrowsingContext) Closed channel: cannot send/recv


###!!! [Parent][MessageChannel] Error: (msgtype=0x39007A,name=PContent::Msg_DestroyBrowsingContextGroup) Closed channel: cannot send/recv


###!!! [Child][RunMessage] Error: Channel closing: too late to send/recv, messages will be lost


###!!! [Child][RunMessage] Error: Channel closing: too late to send/recv, messages will be lost


###!!! [Child][RunMessage] Error: Channel closing: too late to send/recv, messages will be lost


###!!! [Child][MessageChannel] Error: (msgtype=0x390147,name=PContent::Msg_ScriptError) Channel closing: too late to send/recv, messages will be lost


###!!! [Child][RunMessage] Error: Channel closing: too late to send/recv, messages will be lost


###!!! [Child][RunMessage] Error: Channel closing: too late to send/recv, messages will be lost


###!!! [Child][RunMessage] Error: Channel closing: too late to send/recv, messages will be lost


###!!! [Child][RunMessage] Error: Channel closing: too late to send/recv, messages will be lost


###!!! [Child][RunMessage] Error: Channel closing: too late to send/recv, messages will be lost


###!!! [Child][MessageChannel] Error: (msgtype=0x390147,name=PContent::Msg_ScriptError) Channel closing: too late to send/recv, messages will be lost


###!!! [Child][RunMessage] Error: Channel closing: too late to send/recv, messages will be lost


###!!! [Child][MessageChannel] Error: (msgtype=0x390147,name=PContent::Msg_ScriptError) Channel closing: too late to send/recv, messages will be lost


###!!! [Child][RunMessage] Error: Channel closing: too late to send/recv, messages will be lost


###!!! [Child][RunMessage] Error: Channel closing: too late to send/recv, messages will be lost


###!!! [Child][RunMessage] Error: Channel closing: too late to send/recv, messages will be lost


###!!! [Child][RunMessage] Error: Channel closing: too late to send/recv, messages will be lost


###!!! [Child][RunMessage] Error: Channel closing: too late to send/recv, messages will be lost

1639748166062	geckodriver	INFO	Listening on 127.0.0.1:55112
1639748172670	mozrunner::runner	INFO	Running command: "C:\\Program Files\\Mozilla Firefox\\firefox.exe" "--marionette" "--remote-debugging-port" "55113" "-no-remote" "-profile" "C:\\Users\\TRUYEN~1\\AppData\\Local\\Temp\\rust_mozprofileSnfVKM"
1639748172953	Marionette	INFO	Marionette enabled
DevTools listening on ws://localhost:55113/devtools/browser/9bfb743f-66a0-4136-bd25-db915f630a6e
1639748175168	Marionette	INFO	Listening on port 55118
1639748175352	RemoteAgent	WARN	TLS certificate errors will be ignored for this session
1639748177456	Marionette	INFO	Stopped listening on port 55118

###!!! [Child][RunMessage] Error: Channel closing: too late to send/recv, messages will be lost


###!!! [Child][RunMessage] Error: Channel closing: too late to send/recv, messages will be lost


###!!! [Child][RunMessage] Error: Channel closing: too late to send/recv, messages will be lost

1639748212976	geckodriver	INFO	Listening on 127.0.0.1:55158
1639748219514	mozrunner::runner	INFO	Running command: "C:\\Program Files\\Mozilla Firefox\\firefox.exe" "--marionette" "--remote-debugging-port" "55159" "-no-remote" "-profile" "C:\\Users\\TRUYEN~1\\AppData\\Local\\Temp\\rust_mozprofilet325eH"
1639748219816	Marionette	INFO	Marionette enabled
DevTools listening on ws://localhost:55159/devtools/browser/2053fd15-3ee8-4a59-a85c-32a9061d961f
1639748221572	Marionette	INFO	Listening on port 55164
1639748221687	RemoteAgent	WARN	TLS certificate errors will be ignored for this session
1639748223801	Marionette	INFO	Stopped listening on port 55164

###!!! [Parent][MessageChannel] Error: (msgtype=0x39007A,name=PContent::Msg_DestroyBrowsingContextGroup) Closed channel: cannot send/recv


###!!! [Child][RunMessage] Error: Channel closing: too late to send/recv, messages will be lost

1639748247221	geckodriver	INFO	Listening on 127.0.0.1:55202
1639748253855	mozrunner::runner	INFO	Running command: "C:\\Program Files\\Mozilla Firefox\\firefox.exe" "--marionette" "--remote-debugging-port" "55203" "-no-remote" "-profile" "C:\\Users\\TRUYEN~1\\AppData\\Local\\Temp\\rust_mozprofilePmAGqs"
1639748254126	Marionette	INFO	Marionette enabled
DevTools listening on ws://localhost:55203/devtools/browser/0524e9c0-ae12-493b-b9a5-551cdd2fce95
1639748255949	Marionette	INFO	Listening on port 55208
1639748256016	RemoteAgent	WARN	TLS certificate errors will be ignored for this session
JavaScript warning: https://accounts.google.com/ServiceLogin?service=mail&passive=true&rm=false&continue=https://mail.google.com/mail/&ss=1&scc=1&ltmpl=default&ltmplcache=2&emr=1&osid=1# line 1 > eval line 3437 > eval line 1 > eval, line 1: WEBGL_debug_renderer_info is deprecated in Firefox and will be removed. Please use RENDERER.
[Child 15488, MediaDecoderStateMachine #1] WARNING: 2a31f6c6f20 Could not set cubeb stream name.: file /builds/worker/checkouts/gecko/dom/media/AudioStream.cpp:367
1639748264550	Marionette	INFO	Stopped listening on port 55208
JavaScript error: chrome://remote/content/marionette/cert.js, line 55: NS_ERROR_NOT_AVAILABLE: Component returned failure code: 0x80040111 (NS_ERROR_NOT_AVAILABLE) [nsICertOverrideService.setDisableAllSecurityChecksAndLetAttackersInterceptMyData]

###!!! [Child][RunMessage] Error: Channel closing: too late to send/recv, messages will be lost

1639748671164	geckodriver	INFO	Listening on 127.0.0.1:55316
1639748677827	mozrunner::runner	INFO	Running command: "C:\\Program Files\\Mozilla Firefox\\firefox.exe" "--marionette" "--remote-debugging-port" "55317" "-no-remote" "-profile" "C:\\Users\\TRUYEN~1\\AppData\\Local\\Temp\\rust_mozprofileKXBPZs"
1639748678150	Marionette	INFO	Marionette enabled
DevTools listening on ws://localhost:55317/devtools/browser/c7b27438-2f37-4ecb-b6e6-721b0326cc01
1639748679869	Marionette	INFO	Listening on port 55323
1639748679983	RemoteAgent	WARN	TLS certificate errors will be ignored for this session
JavaScript warning: https://pagead2.googlesyndication.com/bg/b_8rsBg2pSAE7OSEuXeXkmKAJRzK7XLbOE8Wp2RNR2Q.js line 1 > eval line 2484 > eval, line 1: WEBGL_debug_renderer_info is deprecated in Firefox and will be removed. Please use RENDERER.
[Child 12532, MediaDecoderStateMachine #1] WARNING: 2953bafd4a0 Could not set cubeb stream name.: file /builds/worker/checkouts/gecko/dom/media/AudioStream.cpp:367
JavaScript warning: https://accounts.google.com/ServiceLogin?service=mail&passive=true&rm=false&continue=https://mail.google.com/mail/&ss=1&scc=1&ltmpl=default&ltmplcache=2&emr=1&osid=1# line 1 > eval line 3428 > eval, line 1: WEBGL_debug_renderer_info is deprecated in Firefox and will be removed. Please use RENDERER.
[Child 12532, MediaDecoderStateMachine #1] WARNING: 295430b3d60 Could not set cubeb stream name.: file /builds/worker/checkouts/gecko/dom/media/AudioStream.cpp:367
JavaScript warning: https://pagead2.googlesyndication.com/bg/b_8rsBg2pSAE7OSEuXeXkmKAJRzK7XLbOE8Wp2RNR2Q.js line 1 > eval line 6519 > eval line 1 > eval, line 1: WEBGL_debug_renderer_info is deprecated in Firefox and will be removed. Please use RENDERER.
1639748814077	Marionette	INFO	Stopped listening on port 55323
[Child 12532, MediaDecoderStateMachine #1] WARNING: 2953b84b200 Could not set cubeb stream name.: file /builds/worker/checkouts/gecko/dom/media/AudioStream.cpp:367

###!!! [Parent][MessageChannel] Error: (msgtype=0x39014F,name=PContent::Reply_DiscardBrowsingContext) Closed channel: cannot send/recv


###!!! [Parent][MessageChannel] Error: (msgtype=0x39014F,name=PContent::Reply_DiscardBrowsingContext) Closed channel: cannot send/recv


###!!! [Parent][MessageChannel] Error: (msgtype=0x39014F,name=PContent::Reply_DiscardBrowsingContext) Closed channel: cannot send/recv


###!!! [Parent][MessageChannel] Error: (msgtype=0x39007A,name=PContent::Msg_DestroyBrowsingContextGroup) Closed channel: cannot send/recv


###!!! [Child][RunMessage] Error: Channel closing: too late to send/recv, messages will be lost


###!!! [Child][RunMessage] Error: Channel closing: too late to send/recv, messages will be lost


###!!! [Child][RunMessage] Error: Channel closing: too late to send/recv, messages will be lost


###!!! [Child][MessageChannel] Error: (msgtype=0x390147,name=PContent::Msg_ScriptError) Channel closing: too late to send/recv, messages will be lost


###!!! [Child][MessageChannel] Error: (msgtype=0x390147,name=PContent::Msg_ScriptError) Channel closing: too late to send/recv, messages will be lost


###!!! [Child][RunMessage] Error: Channel closing: too late to send/recv, messages will be lost


###!!! [Child][RunMessage] Error: Channel closing: too late to send/recv, messages will be lost


###!!! [Child][RunMessage] Error: Channel closing: too late to send/recv, messages will be lost


###!!! [Child][RunMessage] Error: Channel closing: too late to send/recv, messages will be lost


###!!! [Child][RunMessage] Error: Channel closing: too late to send/recv, messages will be lost


###!!! [Child][RunMessage] Error: Channel closing: too late to send/recv, messages will be lost


###!!! [Child][RunMessage] Error: Channel closing: too late to send/recv, messages will be lost

1639748983410	geckodriver	INFO	Listening on 127.0.0.1:55401
1639748991349	mozrunner::runner	INFO	Running command: "C:\\Program Files\\Mozilla Firefox\\firefox.exe" "--marionette" "--remote-debugging-port" "55402" "-no-remote" "-profile" "C:\\Users\\TRUYEN~1\\AppData\\Local\\Temp\\rust_mozprofileQNoWAX"
1639748991676	Marionette	INFO	Marionette enabled
DevTools listening on ws://localhost:55402/devtools/browser/95a64edc-3251-48f4-93fe-e11c7ea1e8a0
1639748993707	Marionette	INFO	Listening on port 55407
1639748994035	RemoteAgent	WARN	TLS certificate errors will be ignored for this session
JavaScript warning: https://accounts.google.com/ServiceLogin?service=mail&passive=true&rm=false&continue=https://mail.google.com/mail/&ss=1&scc=1&ltmpl=default&ltmplcache=2&emr=1&osid=1# line 1 > eval line 1824 > eval line 1 > eval, line 1: WEBGL_debug_renderer_info is deprecated in Firefox and will be removed. Please use RENDERER.
JavaScript warning: https://pagead2.googlesyndication.com/bg/b_8rsBg2pSAE7OSEuXeXkmKAJRzK7XLbOE8Wp2RNR2Q.js line 1 > eval line 517 > eval line 1 > eval, line 1: WEBGL_debug_renderer_info is deprecated in Firefox and will be removed. Please use RENDERER.
[Child 17980, MediaDecoderStateMachine #1] WARNING: 14a58d034a0 Could not set cubeb stream name.: file /builds/worker/checkouts/gecko/dom/media/AudioStream.cpp:367
[Child 17980, MediaDecoderStateMachine #1] WARNING: 14a5987c040 Could not set cubeb stream name.: file /builds/worker/checkouts/gecko/dom/media/AudioStream.cpp:367
JavaScript warning: https://pagead2.googlesyndication.com/bg/b_8rsBg2pSAE7OSEuXeXkmKAJRzK7XLbOE8Wp2RNR2Q.js line 1 > eval line 7234 > eval, line 1: WEBGL_debug_renderer_info is deprecated in Firefox and will be removed. Please use RENDERER.
1639749167180	Marionette	INFO	Stopped listening on port 55407

###!!! [Parent][MessageChannel] Error: (msgtype=0x39014F,name=PContent::Reply_DiscardBrowsingContext) Closed channel: cannot send/recv


###!!! [Parent][MessageChannel] Error: (msgtype=0x39014F,name=PContent::Reply_DiscardBrowsingContext) Closed channel: cannot send/recv


###!!! [Parent][MessageChannel] Error: (msgtype=0x39014F,name=PContent::Reply_DiscardBrowsingContext) Closed channel: cannot send/recv


###!!! [Parent][MessageChannel] Error: (msgtype=0x39007A,name=PContent::Msg_DestroyBrowsingContextGroup) Closed channel: cannot send/recv


###!!! [Child][MessageChannel] Error: (msgtype=0x590008,name=PHttpChannel::Msg_DeletingChannel) Channel closing: too late to send/recv, messages will be lost


###!!! [Child][RunMessage] Error: Channel closing: too late to send/recv, messages will be lost


###!!! [Child][RunMessage] Error: Channel closing: too late to send/recv, messages will be lost


###!!! [Child][RunMessage] Error: Channel closing: too late to send/recv, messages will be lost


###!!! [Child][RunMessage] Error: Channel closing: too late to send/recv, messages will be lost


###!!! [Child][RunMessage] Error: Channel closing: too late to send/recv, messages will be lost


###!!! [Child][RunMessage] Error: Channel closing: too late to send/recv, messages will be lost


###!!! [Child][RunMessage] Error: Channel closing: too late to send/recv, messages will be lost


###!!! [Child][MessageChannel] Error: (msgtype=0x390147,name=PContent::Msg_ScriptError) Channel closing: too late to send/recv, messages will be lost


###!!! [Child][RunMessage] Error: Channel closing: too late to send/recv, messages will be lost


###!!! [Child][RunMessage] Error: Channel closing: too late to send/recv, messages will be lost


###!!! [Child][RunMessage] Error: Channel closing: too late to send/recv, messages will be lost


###!!! [Child][RunMessage] Error: Channel closing: too late to send/recv, messages will be lost

1639749707369	geckodriver	INFO	Listening on 127.0.0.1:58036
1639749714659	mozrunner::runner	INFO	Running command: "C:\\Program Files\\Mozilla Firefox\\firefox.exe" "--marionette" "--remote-debugging-port" "58037" "-no-remote" "-profile" "C:\\Users\\TRUYEN~1\\AppData\\Local\\Temp\\rust_mozprofileNjA5z4"
1639749715038	Marionette	INFO	Marionette enabled
DevTools listening on ws://localhost:58037/devtools/browser/808d25e3-e10c-4b79-8979-6bac44ddb19f
1639749717078	Marionette	INFO	Listening on port 58043
1639749717328	RemoteAgent	WARN	TLS certificate errors will be ignored for this session
JavaScript warning: https://accounts.google.com/ServiceLogin?service=mail&passive=true&rm=false&continue=https://mail.google.com/mail/&ss=1&scc=1&ltmpl=default&ltmplcache=2&emr=1&osid=1# line 1 > eval line 4468 > eval, line 1: WEBGL_debug_renderer_info is deprecated in Firefox and will be removed. Please use RENDERER.
JavaScript warning: https://pagead2.googlesyndication.com/bg/b_8rsBg2pSAE7OSEuXeXkmKAJRzK7XLbOE8Wp2RNR2Q.js line 1 > eval line 5797 > eval line 1 > eval, line 1: WEBGL_debug_renderer_info is deprecated in Firefox and will be removed. Please use RENDERER.
[Child 18336, MediaDecoderStateMachine #1] WARNING: 1e13a3ea820 Could not set cubeb stream name.: file /builds/worker/checkouts/gecko/dom/media/AudioStream.cpp:367
JavaScript error: resource://gre/actors/AudioPlaybackParent.jsm, line 24: TypeError: browser is null
1639749734128	Marionette	INFO	Stopped listening on port 58043
JavaScript error: chrome://remote/content/marionette/cert.js, line 55: NS_ERROR_NOT_AVAILABLE: Component returned failure code: 0x80040111 (NS_ERROR_NOT_AVAILABLE) [nsICertOverrideService.setDisableAllSecurityChecksAndLetAttackersInterceptMyData]

###!!! [Parent][MessageChannel] Error: (msgtype=0x39007A,name=PContent::Msg_DestroyBrowsingContextGroup) Closed channel: cannot send/recv


###!!! [Child][RunMessage] Error: Channel closing: too late to send/recv, messages will be lost

1639749863033	geckodriver	INFO	Listening on 127.0.0.1:58143
1639749870103	mozrunner::runner	INFO	Running command: "C:\\Program Files\\Mozilla Firefox\\firefox.exe" "--marionette" "--remote-debugging-port" "58144" "-no-remote" "-profile" "C:\\Users\\TRUYEN~1\\AppData\\Local\\Temp\\rust_mozprofilehftiq0"
1639749870430	Marionette	INFO	Marionette enabled
DevTools listening on ws://localhost:58144/devtools/browser/45c6beb0-9184-4f22-b0ef-9979c3af0466
1639749872613	Marionette	INFO	Listening on port 58149
1639749872784	RemoteAgent	WARN	TLS certificate errors will be ignored for this session
[Child 14816, MediaDecoderStateMachine #1] WARNING: 1e0289ae120 Could not set cubeb stream name.: file /builds/worker/checkouts/gecko/dom/media/AudioStream.cpp:367
[Child 14816, MediaDecoderStateMachine #1] WARNING: 1e028712200 Could not set cubeb stream name.: file /builds/worker/checkouts/gecko/dom/media/AudioStream.cpp:367
[Child 14816, MediaDecoderStateMachine #1] WARNING: 1e028712200 Could not set cubeb stream name.: file /builds/worker/checkouts/gecko/dom/media/AudioStream.cpp:367
JavaScript warning: https://pagead2.googlesyndication.com/bg/b_8rsBg2pSAE7OSEuXeXkmKAJRzK7XLbOE8Wp2RNR2Q.js line 1 > eval line 3756 > eval line 1 > eval, line 1: WEBGL_debug_renderer_info is deprecated in Firefox and will be removed. Please use RENDERER.
[Child 14816, MediaDecoderStateMachine #1] WARNING: 1e02bebcc80 Could not set cubeb stream name.: file /builds/worker/checkouts/gecko/dom/media/AudioStream.cpp:367
[Child 14816, MediaDecoderStateMachine #1] WARNING: 1e02c6734a0 Could not set cubeb stream name.: file /builds/worker/checkouts/gecko/dom/media/AudioStream.cpp:367
[Child 14816, MediaDecoderStateMachine #1] WARNING: 1e02f11bf20 Could not set cubeb stream name.: file /builds/worker/checkouts/gecko/dom/media/AudioStream.cpp:367
1639750165967	Marionette	INFO	Stopped listening on port 58149

###!!! [Parent][MessageChannel] Error: (msgtype=0x39007A,name=PContent::Msg_DestroyBrowsingContextGroup) Closed channel: cannot send/recv


###!!! [Child][RunMessage] Error: Channel closing: too late to send/recv, messages will be lost

1639750191271	geckodriver	INFO	Listening on 127.0.0.1:58304
1639750197835	mozrunner::runner	INFO	Running command: "C:\\Program Files\\Mozilla Firefox\\firefox.exe" "--marionette" "--remote-debugging-port" "58305" "-no-remote" "-profile" "C:\\Users\\TRUYEN~1\\AppData\\Local\\Temp\\rust_mozprofile8p9ex3"
1639750198123	Marionette	INFO	Marionette enabled
DevTools listening on ws://localhost:58305/devtools/browser/bfbae1af-a1a8-46e4-940a-dfe11874e61f
1639750199839	Marionette	INFO	Listening on port 58312
1639750199900	RemoteAgent	WARN	TLS certificate errors will be ignored for this session
JavaScript warning: https://accounts.google.com/ServiceLogin?service=mail&passive=true&rm=false&continue=https://mail.google.com/mail/&ss=1&scc=1&ltmpl=default&ltmplcache=2&emr=1&osid=1# line 1 > eval line 890 > eval, line 1: WEBGL_debug_renderer_info is deprecated in Firefox and will be removed. Please use RENDERER.
[Child 14496, MediaDecoderStateMachine #1] WARNING: 18167674120 Could not set cubeb stream name.: file /builds/worker/checkouts/gecko/dom/media/AudioStream.cpp:367
A content process crashed and MOZ_CRASHREPORTER_SHUTDOWN is set, shutting down
Shutting down due to socket process crash.
JavaScript error: chrome://global/content/elements/browser-custom-element.js, line 1609: Error: permitUnload is already running for this tab.
1639750300791	Marionette	INFO	Stopped listening on port 58312
[Parent 16964, IPC I/O Parent] WARNING: file /builds/worker/checkouts/gecko/ipc/chromium/src/base/process_util_win.cc:167
JavaScript error: chrome://remote/content/marionette/cert.js, line 55: NS_ERROR_NOT_AVAILABLE: Component returned failure code: 0x80040111 (NS_ERROR_NOT_AVAILABLE) [nsICertOverrideService.setDisableAllSecurityChecksAndLetAttackersInterceptMyData]
[Parent 16964, IPC I/O Parent] WARNING: pipe error: 232: file /builds/worker/checkouts/gecko/ipc/chromium/src/chrome/common/ipc_channel_win.cc:542
A content process crashed and MOZ_CRASHREPORTER_SHUTDOWN is set, shutting down
[Parent 16964, IPC I/O Parent] WARNING: file /builds/worker/checkouts/gecko/ipc/chromium/src/base/process_util_win.cc:167
A content process crashed and MOZ_CRASHREPORTER_SHUTDOWN is set, shutting down
[Parent 16964, IPC I/O Parent] WARNING: file /builds/worker/checkouts/gecko/ipc/chromium/src/base/process_util_win.cc:167
JavaScript error: resource://gre/modules/AsyncShutdown.jsm, line 718: Error: Phase "profile-before-change" is finished, it is too late to register completion condition "CrashService waiting for content crash ping to be sent"
JavaScript error: resource://gre/modules/CrashManager.jsm, line 1126: AbortError: IOUtils: Shutting down and refusing additional I/O tasks
1639750531785	geckodriver	INFO	Listening on 127.0.0.1:58407
1639750538427	mozrunner::runner	INFO	Running command: "C:\\Program Files\\Mozilla Firefox\\firefox.exe" "--marionette" "--remote-debugging-port" "58408" "-no-remote" "-profile" "C:\\Users\\TRUYEN~1\\AppData\\Local\\Temp\\rust_mozprofileNqYlrZ"
1639750538711	Marionette	INFO	Marionette enabled
DevTools listening on ws://localhost:58408/devtools/browser/cc6e5797-1f73-410d-a441-365e0e4f514a
1639750540466	Marionette	INFO	Listening on port 58414
1639750540583	RemoteAgent	WARN	TLS certificate errors will be ignored for this session
JavaScript warning: https://accounts.google.com/ServiceLogin?service=mail&passive=true&rm=false&continue=https://mail.google.com/mail/&ss=1&scc=1&ltmpl=default&ltmplcache=2&emr=1&osid=1# line 1 > eval line 1336 > eval, line 1: WEBGL_debug_renderer_info is deprecated in Firefox and will be removed. Please use RENDERER.
[Child 20104, MediaDecoderStateMachine #1] WARNING: 258da3c62e0 Could not set cubeb stream name.: file /builds/worker/checkouts/gecko/dom/media/AudioStream.cpp:367
[Child 20104, MediaDecoderStateMachine #1] WARNING: 258d5463660 Could not set cubeb stream name.: file /builds/worker/checkouts/gecko/dom/media/AudioStream.cpp:367
[Child 20104, MediaDecoderStateMachine #1] WARNING: 258d5463660 Could not set cubeb stream name.: file /builds/worker/checkouts/gecko/dom/media/AudioStream.cpp:367
JavaScript warning: https://pagead2.googlesyndication.com/bg/b_8rsBg2pSAE7OSEuXeXkmKAJRzK7XLbOE8Wp2RNR2Q.js line 1 > eval line 6017 > eval, line 1: WEBGL_debug_renderer_info is deprecated in Firefox and will be removed. Please use RENDERER.
[Child 20104, MediaDecoderStateMachine #1] WARNING: 258cff764a0 Could not set cubeb stream name.: file /builds/worker/checkouts/gecko/dom/media/AudioStream.cpp:367
[Child 20104, MediaDecoderStateMachine #1] WARNING: 258cff76120 Could not set cubeb stream name.: file /builds/worker/checkouts/gecko/dom/media/AudioStream.cpp:367
[Child 20104, MediaDecoderStateMachine #1] WARNING: 258cff76120 Could not set cubeb stream name.: file /builds/worker/checkouts/gecko/dom/media/AudioStream.cpp:367
JavaScript warning: https://pagead2.googlesyndication.com/bg/b_8rsBg2pSAE7OSEuXeXkmKAJRzK7XLbOE8Wp2RNR2Q.js line 1 > eval line 7816 > eval, line 1: WEBGL_debug_renderer_info is deprecated in Firefox and will be removed. Please use RENDERER.
1639750831517	Marionette	INFO	Stopped listening on port 58414

###!!! [Parent][RunMessage] Error: Channel closing: too late to send/recv, messages will be lost

1639751093266	geckodriver	INFO	Listening on 127.0.0.1:58538
1639751099793	mozrunner::runner	INFO	Running command: "C:\\Program Files\\Mozilla Firefox\\firefox.exe" "--marionette" "--remote-debugging-port" "58539" "-no-remote" "-profile" "C:\\Users\\TRUYEN~1\\AppData\\Local\\Temp\\rust_mozprofileq8Ldeo"
1639751100070	Marionette	INFO	Marionette enabled
DevTools listening on ws://localhost:58539/devtools/browser/d8d4a336-0754-4179-8ede-6a376d722d0d
1639751101883	Marionette	INFO	Listening on port 58544
1639751101957	RemoteAgent	WARN	TLS certificate errors will be ignored for this session
JavaScript warning: https://accounts.google.com/ServiceLogin?service=mail&passive=true&rm=false&continue=https://mail.google.com/mail/&ss=1&scc=1&ltmpl=default&ltmplcache=2&emr=1&osid=1# line 1 > eval line 3805 > eval line 1 > eval, line 1: WEBGL_debug_renderer_info is deprecated in Firefox and will be removed. Please use RENDERER.
[Child 15044, MediaDecoderStateMachine #1] WARNING: 1a4c0b7dc80 Could not set cubeb stream name.: file /builds/worker/checkouts/gecko/dom/media/AudioStream.cpp:367
1639751120579	Marionette	INFO	Stopped listening on port 58544
console.warn: TopSitesFeed: Failed to fetch data from Contile server: NetworkError when attempting to fetch resource.
JavaScript error: chrome://remote/content/marionette/cert.js, line 55: NS_ERROR_NOT_AVAILABLE: Component returned failure code: 0x80040111 (NS_ERROR_NOT_AVAILABLE) [nsICertOverrideService.setDisableAllSecurityChecksAndLetAttackersInterceptMyData]

###!!! [Child][RunMessage] Error: Channel closing: too late to send/recv, messages will be lost

1639751362831	geckodriver	INFO	Listening on 127.0.0.1:58643
1639751369479	mozrunner::runner	INFO	Running command: "C:\\Program Files\\Mozilla Firefox\\firefox.exe" "--marionette" "--remote-debugging-port" "58644" "-no-remote" "-profile" "C:\\Users\\TRUYEN~1\\AppData\\Local\\Temp\\rust_mozprofileP2xKHe"
1639751369764	Marionette	INFO	Marionette enabled
DevTools listening on ws://localhost:58644/devtools/browser/333ec3d1-8de1-44c3-988d-8a3b95f59e17
1639751371547	Marionette	INFO	Listening on port 58649
1639751371648	RemoteAgent	WARN	TLS certificate errors will be ignored for this session
JavaScript warning: https://accounts.google.com/ServiceLogin?service=mail&passive=true&rm=false&continue=https://mail.google.com/mail/&ss=1&scc=1&ltmpl=default&ltmplcache=2&emr=1&osid=1# line 1 > eval line 3642 > eval, line 1: WEBGL_debug_renderer_info is deprecated in Firefox and will be removed. Please use RENDERER.
[Child 9908, MediaDecoderStateMachine #1] WARNING: 26d1f1af2e0 Could not set cubeb stream name.: file /builds/worker/checkouts/gecko/dom/media/AudioStream.cpp:367
[Child 9908, MediaDecoderStateMachine #1] WARNING: Decoder=26d19765100 Decode error: NS_ERROR_OUT_OF_MEMORY (0x8007000e): file /builds/worker/checkouts/gecko/dom/media/MediaDecoderStateMachine.cpp:3568
JavaScript warning: https://www.youtube.com/s/player/13e70377/player_ias.vflset/en_US/base.js, line 8358: This error message will be blank when privacy.resistFingerprinting = true.  If it is really necessary, please add it to the whitelist in MediaError::GetMessage: NS_ERROR_OUT_OF_MEMORY (0x8007000e)
A content process crashed and MOZ_CRASHREPORTER_SHUTDOWN is set, shutting down
[Child 9908, MediaDecoderStateMachine #1] WARNING: Decoder=26d19765100 Decode error: NS_ERROR_OUT_OF_MEMORY (0x8007000e): file /builds/worker/checkouts/gecko/dom/media/MediaDecoderStateMachine.cpp:3568
Shutting down due to socket process crash.
JavaScript error: chrome://global/content/elements/browser-custom-element.js, line 1609: Error: permitUnload is already running for this tab.
[Child 9908, MediaDecoderStateMachine #1] WARNING: Decoder=26d19765100 Decode error: NS_ERROR_OUT_OF_MEMORY (0x8007000e): file /builds/worker/checkouts/gecko/dom/media/MediaDecoderStateMachine.cpp:3568
[Child 9908, MediaDecoderStateMachine #1] WARNING: Decoder=26d19765100 Decode error: NS_ERROR_OUT_OF_MEMORY (0x8007000e): file /builds/worker/checkouts/gecko/dom/media/MediaDecoderStateMachine.cpp:3568
1639751393540	Marionette	INFO	Stopped listening on port 58649
[Parent 17064, IPC I/O Parent] WARNING: file /builds/worker/checkouts/gecko/ipc/chromium/src/base/process_util_win.cc:167
JavaScript error: chrome://remote/content/marionette/cert.js, line 55: NS_ERROR_NOT_AVAILABLE: Component returned failure code: 0x80040111 (NS_ERROR_NOT_AVAILABLE) [nsICertOverrideService.setDisableAllSecurityChecksAndLetAttackersInterceptMyData]
[Parent 17064, IPC I/O Parent] WARNING: pipe error: 232: file /builds/worker/checkouts/gecko/ipc/chromium/src/chrome/common/ipc_channel_win.cc:542

###!!! [Parent][MessageChannel] Error: (msgtype=0x39008E,name=PContent::Msg_FlushTabState) Channel error: cannot send/recv


###!!! [Parent][MessageChannel] Error: (msgtype=0x39014E,name=PContent::Msg_DiscardBrowsingContext) Channel error: cannot send/recv

A content process crashed and MOZ_CRASHREPORTER_SHUTDOWN is set, shutting down

###!!! [Parent][RunMessage] Error: Channel error: cannot send/recv


###!!! [Parent][RunMessage] Error: Channel error: cannot send/recv


###!!! [Parent][RunMessage] Error: Channel error: cannot send/recv


###!!! [Parent][RunMessage] Error: Channel error: cannot send/recv


###!!! [Parent][RunMessage] Error: Channel error: cannot send/recv


###!!! [Parent][RunMessage] Error: Channel error: cannot send/recv


###!!! [Parent][RunMessage] Error: Channel error: cannot send/recv


###!!! [Parent][RunMessage] Error: Channel error: cannot send/recv


###!!! [Parent][RunMessage] Error: Channel error: cannot send/recv


###!!! [Parent][RunMessage] Error: Channel error: cannot send/recv


###!!! [Parent][RunMessage] Error: Channel error: cannot send/recv


###!!! [Parent][MessageChannel] Error: (msgtype=0x39007A,name=PContent::Msg_DestroyBrowsingContextGroup) Channel error: cannot send/recv

WARNING: A blocker encountered an error while we were waiting.
          Blocker:  CrashService waiting for content crash ping to be sent
          Phase: profile-before-change
          State: (none)
WARNING: AbortError: IOUtils: Shutting down and refusing additional I/O tasks
WARNING: save/<@resource://gre/modules/CrashManager.jsm:1126:32
save@resource://gre/modules/CrashManager.jsm:1133:7
addCrash/promise<@resource://gre/modules/CrashManager.jsm:464:21
observe@resource://gre/modules/AsyncShutdown.jsm:575:16

JavaScript error: resource://gre/modules/CrashManager.jsm, line 1126: AbortError: IOUtils: Shutting down and refusing additional I/O tasks
JavaScript error: resource://gre/modules/CrashManager.jsm, line 1126: AbortError: IOUtils: Shutting down and refusing additional I/O tasks
JavaScript error: resource://gre/modules/CrashManager.jsm, line 1126: AbortError: IOUtils: Shutting down and refusing additional I/O tasks
A content process crashed and MOZ_CRASHREPORTER_SHUTDOWN is set, shutting down
[Parent 17064, IPC I/O Parent] WARNING: file /builds/worker/checkouts/gecko/ipc/chromium/src/base/process_util_win.cc:167
1639751929496	geckodriver	INFO	Listening on 127.0.0.1:58752
1639751935996	mozrunner::runner	INFO	Running command: "C:\\Program Files\\Mozilla Firefox\\firefox.exe" "--marionette" "--remote-debugging-port" "58753" "-no-remote" "-profile" "C:\\Users\\TRUYEN~1\\AppData\\Local\\Temp\\rust_mozprofile5yemOw"
1639751936268	Marionette	INFO	Marionette enabled
DevTools listening on ws://localhost:58753/devtools/browser/8874b308-54d6-47f2-a970-b93c38f76cfb
1639751938163	Marionette	INFO	Listening on port 58759
1639751938673	RemoteAgent	WARN	TLS certificate errors will be ignored for this session
JavaScript warning: https://accounts.google.com/ServiceLogin?service=mail&passive=true&rm=false&continue=https://mail.google.com/mail/&ss=1&scc=1&ltmpl=default&ltmplcache=2&emr=1&osid=1# line 1 > eval line 3529 > eval, line 1: WEBGL_debug_renderer_info is deprecated in Firefox and will be removed. Please use RENDERER.
[Child 15888, MediaDecoderStateMachine #1] WARNING: 19df9c15200 Could not set cubeb stream name.: file /builds/worker/checkouts/gecko/dom/media/AudioStream.cpp:367
Shutting down due to socket process crash.
A content process crashed and MOZ_CRASHREPORTER_SHUTDOWN is set, shutting down
JavaScript error: chrome://global/content/elements/browser-custom-element.js, line 1609: Error: permitUnload is already running for this tab.
1639751962734	Marionette	INFO	Stopped listening on port 58759
[Parent 5564, IPC I/O Parent] WARNING: file /builds/worker/checkouts/gecko/ipc/chromium/src/base/process_util_win.cc:167
JavaScript error: chrome://remote/content/marionette/cert.js, line 55: NS_ERROR_NOT_AVAILABLE: Component returned failure code: 0x80040111 (NS_ERROR_NOT_AVAILABLE) [nsICertOverrideService.setDisableAllSecurityChecksAndLetAttackersInterceptMyData]

###!!! [Parent][MessageChannel] Error: (msgtype=0x39007A,name=PContent::Msg_DestroyBrowsingContextGroup) Closed channel: cannot send/recv

[Parent 5564, IPC I/O Parent] WARNING: pipe error: 232: file /builds/worker/checkouts/gecko/ipc/chromium/src/chrome/common/ipc_channel_win.cc:542

###!!! [Parent][MessageChannel] Error: (msgtype=0x39007A,name=PContent::Msg_DestroyBrowsingContextGroup) Channel error: cannot send/recv

A content process crashed and MOZ_CRASHREPORTER_SHUTDOWN is set, shutting down
JavaScript error: resource://gre/modules/AsyncShutdown.jsm, line 718: Error: Phase "profile-before-change" is finished, it is too late to register completion condition "CrashService waiting for content crash ping to be sent"
JavaScript error: resource://gre/modules/CrashManager.jsm, line 828: AbortError: IOUtils: Shutting down and refusing additional I/O tasks
1639752063191	geckodriver	INFO	Listening on 127.0.0.1:58842
1639752069762	mozrunner::runner	INFO	Running command: "C:\\Program Files\\Mozilla Firefox\\firefox.exe" "--marionette" "--remote-debugging-port" "58843" "-no-remote" "-profile" "C:\\Users\\TRUYEN~1\\AppData\\Local\\Temp\\rust_mozprofileWJzRb4"
1639752070037	Marionette	INFO	Marionette enabled
DevTools listening on ws://localhost:58843/devtools/browser/fa01d3d6-0475-4151-83f0-ecb6b3bb915a
1639752071823	Marionette	INFO	Listening on port 58848
1639752071930	RemoteAgent	WARN	TLS certificate errors will be ignored for this session
JavaScript warning: https://accounts.google.com/ServiceLogin?service=mail&passive=true&rm=false&continue=https://mail.google.com/mail/&ss=1&scc=1&ltmpl=default&ltmplcache=2&emr=1&osid=1# line 1 > eval line 493 > eval, line 1: WEBGL_debug_renderer_info is deprecated in Firefox and will be removed. Please use RENDERER.
Shutting down due to socket process crash.

###!!! [Parent][MessageChannel] Error: (msgtype=0x39014A,name=PContent::Msg_AsyncMessage) Channel error: cannot send/recv


###!!! [Parent][MessageChannel] Error: (msgtype=0x39014A,name=PContent::Msg_AsyncMessage) Channel error: cannot send/recv


###!!! [Parent][MessageChannel] Error: (msgtype=0x39014A,name=PContent::Msg_AsyncMessage) Channel error: cannot send/recv


###!!! [Parent][MessageChannel] Error: (msgtype=0x39014A,name=PContent::Msg_AsyncMessage) Channel error: cannot send/recv


###!!! [Parent][MessageChannel] Error: (msgtype=0x39014A,name=PContent::Msg_AsyncMessage) Channel error: cannot send/recv


###!!! [Parent][MessageChannel] Error: (msgtype=0x39014A,name=PContent::Msg_AsyncMessage) Channel error: cannot send/recv


###!!! [Parent][MessageChannel] Error: (msgtype=0x39014A,name=PContent::Msg_AsyncMessage) Channel error: cannot send/recv


###!!! [Parent][MessageChannel] Error: (msgtype=0x39014A,name=PContent::Msg_AsyncMessage) Channel error: cannot send/recv


###!!! [Parent][MessageChannel] Error: (msgtype=0x39014A,name=PContent::Msg_AsyncMessage) Channel error: cannot send/recv


###!!! [Parent][MessageChannel] Error: (msgtype=0x39014A,name=PContent::Msg_AsyncMessage) Channel error: cannot send/recv


###!!! [Parent][MessageChannel] Error: (msgtype=0x39014A,name=PContent::Msg_AsyncMessage) Channel error: cannot send/recv


###!!! [Parent][MessageChannel] Error: (msgtype=0x39014A,name=PContent::Msg_AsyncMessage) Channel error: cannot send/recv


###!!! [Parent][MessageChannel] Error: (msgtype=0x39014A,name=PContent::Msg_AsyncMessage) Channel error: cannot send/recv


###!!! [Parent][MessageChannel] Error: (msgtype=0x39014A,name=PContent::Msg_AsyncMessage) Channel error: cannot send/recv


###!!! [Parent][MessageChannel] Error: (msgtype=0x39014A,name=PContent::Msg_AsyncMessage) Channel error: cannot send/recv


###!!! [Parent][MessageChannel] Error: (msgtype=0x39014A,name=PContent::Msg_AsyncMessage) Channel error: cannot send/recv


###!!! [Parent][MessageChannel] Error: (msgtype=0x39014A,name=PContent::Msg_AsyncMessage) Channel error: cannot send/recv


###!!! [Parent][MessageChannel] Error: (msgtype=0x39014A,name=PContent::Msg_AsyncMessage) Channel error: cannot send/recv


###!!! [Parent][MessageChannel] Error: (msgtype=0x39014A,name=PContent::Msg_AsyncMessage) Channel error: cannot send/recv


###!!! [Parent][MessageChannel] Error: (msgtype=0x39014A,name=PContent::Msg_AsyncMessage) Channel error: cannot send/recv


###!!! [Parent][MessageChannel] Error: (msgtype=0x39014A,name=PContent::Msg_AsyncMessage) Channel error: cannot send/recv


###!!! [Parent][MessageChannel] Error: (msgtype=0x390040,name=PContent::Msg_UpdateSharedData) Channel error: cannot send/recv


###!!! [Parent][MessageChannel] Error: (msgtype=0x390040,name=PContent::Msg_UpdateSharedData) Channel error: cannot send/recv


###!!! [Parent][MessageChannel] Error: (msgtype=0x390040,name=PContent::Msg_UpdateSharedData) Channel error: cannot send/recv


###!!! [Parent][RunMessage] Error: Channel error: cannot send/recv


###!!! [Parent][RunMessage] Error: Channel error: cannot send/recv


###!!! [Parent][RunMessage] Error: Channel error: cannot send/recv

A content process crashed and MOZ_CRASHREPORTER_SHUTDOWN is set, shutting down
1639752118625	Marionette	INFO	Stopped listening on port 58848
[Parent 11944, IPC I/O Parent] WARNING: file /builds/worker/checkouts/gecko/ipc/chromium/src/base/process_util_win.cc:167
JavaScript error: chrome://remote/content/marionette/cert.js, line 55: NS_ERROR_NOT_AVAILABLE: Component returned failure code: 0x80040111 (NS_ERROR_NOT_AVAILABLE) [nsICertOverrideService.setDisableAllSecurityChecksAndLetAttackersInterceptMyData]
[Parent 11944, IPC I/O Parent] WARNING: pipe error: 232: file /builds/worker/checkouts/gecko/ipc/chromium/src/chrome/common/ipc_channel_win.cc:542

###!!! [Parent][MessageChannel] Error: (msgtype=0x39007A,name=PContent::Msg_DestroyBrowsingContextGroup) Channel error: cannot send/recv

A content process crashed and MOZ_CRASHREPORTER_SHUTDOWN is set, shutting down
JavaScript error: resource://gre/modules/AsyncShutdown.jsm, line 718: Error: Phase "profile-before-change" is finished, it is too late to register completion condition "CrashService waiting for content crash ping to be sent"
JavaScript error: resource://gre/modules/CrashManager.jsm, line 828: AbortError: IOUtils: Shutting down and refusing additional I/O tasks
1639752169888	geckodriver	INFO	Listening on 127.0.0.1:58896
1639752176569	mozrunner::runner	INFO	Running command: "C:\\Program Files\\Mozilla Firefox\\firefox.exe" "--marionette" "--remote-debugging-port" "58897" "-no-remote" "-profile" "C:\\Users\\TRUYEN~1\\AppData\\Local\\Temp\\rust_mozprofileixd9bT"
1639752176866	Marionette	INFO	Marionette enabled
DevTools listening on ws://localhost:58897/devtools/browser/ddf5abd3-6ac5-4b53-aad1-a5ebef6114e0
1639752178767	Marionette	INFO	Listening on port 58902
1639752179240	RemoteAgent	WARN	TLS certificate errors will be ignored for this session
JavaScript warning: https://accounts.google.com/ServiceLogin?service=mail&passive=true&rm=false&continue=https://mail.google.com/mail/&ss=1&scc=1&ltmpl=default&ltmplcache=2&emr=1&osid=1# line 1 > eval line 219 > eval, line 1: WEBGL_debug_renderer_info is deprecated in Firefox and will be removed. Please use RENDERER.
[Child 12972, MediaDecoderStateMachine #1] WARNING: 1a2412f0740 Could not set cubeb stream name.: file /builds/worker/checkouts/gecko/dom/media/AudioStream.cpp:367
Shutting down due to socket process crash.
[Child 12972, MediaDecoderStateMachine #1] WARNING: Decoder=1a2366b0400 Decode error: NS_ERROR_OUT_OF_MEMORY (0x8007000e): file /builds/worker/checkouts/gecko/dom/media/MediaDecoderStateMachine.cpp:3568
[Child 12972, MediaDecoderStateMachine #1] WARNING: Decoder=1a2366b0400 Decode error: NS_ERROR_OUT_OF_MEMORY (0x8007000e): file /builds/worker/checkouts/gecko/dom/media/MediaDecoderStateMachine.cpp:3568
JavaScript warning: https://www.youtube.com/s/player/13e70377/player_ias.vflset/en_US/base.js, line 8358: This error message will be blank when privacy.resistFingerprinting = true.  If it is really necessary, please add it to the whitelist in MediaError::GetMessage: NS_ERROR_OUT_OF_MEMORY (0x8007000e)
[Child 12972, MediaDecoderStateMachine #1] WARNING: Decoder=1a2366b0400 Decode error: NS_ERROR_OUT_OF_MEMORY (0x8007000e): file /builds/worker/checkouts/gecko/dom/media/MediaDecoderStateMachine.cpp:3568
[Child 12972, MediaDecoderStateMachine #1] WARNING: Decoder=1a2366b0400 Decode error: NS_ERROR_OUT_OF_MEMORY (0x8007000e): file /builds/worker/checkouts/gecko/dom/media/MediaDecoderStateMachine.cpp:3568

###!!! [Parent][MessageChannel] Error: (msgtype=0x39014A,name=PContent::Msg_AsyncMessage) Channel error: cannot send/recv


###!!! [Parent][MessageChannel] Error: (msgtype=0x39014A,name=PContent::Msg_AsyncMessage) Channel error: cannot send/recv


###!!! [Parent][MessageChannel] Error: (msgtype=0x39014A,name=PContent::Msg_AsyncMessage) Channel error: cannot send/recv

[Child 12972, MediaDecoderStateMachine #1] WARNING: Decoder=1a2366b0400 Decode error: NS_ERROR_OUT_OF_MEMORY (0x8007000e): file /builds/worker/checkouts/gecko/dom/media/MediaDecoderStateMachine.cpp:3568

###!!! [Parent][MessageChannel] Error: (msgtype=0x39014A,name=PContent::Msg_AsyncMessage) Channel error: cannot send/recv


###!!! [Parent][MessageChannel] Error: (msgtype=0x390021,name=PContent::Msg_RegisterChromeItem) Channel error: cannot send/recv


###!!! [Parent][MessageChannel] Error: (msgtype=0x39014A,name=PContent::Msg_AsyncMessage) Channel error: cannot send/recv


###!!! [Parent][MessageChannel] Error: (msgtype=0x39014A,name=PContent::Msg_AsyncMessage) Channel error: cannot send/recv


###!!! [Parent][MessageChannel] Error: (msgtype=0x39014A,name=PContent::Msg_AsyncMessage) Channel error: cannot send/recv


###!!! [Parent][MessageChannel] Error: (msgtype=0x39014A,name=PContent::Msg_AsyncMessage) Channel error: cannot send/recv


###!!! [Parent][MessageChannel] Error: (msgtype=0x39014A,name=PContent::Msg_AsyncMessage) Channel error: cannot send/recv


###!!! [Parent][MessageChannel] Error: (msgtype=0x39014A,name=PContent::Msg_AsyncMessage) Channel error: cannot send/recv


###!!! [Parent][MessageChannel] Error: (msgtype=0x39014A,name=PContent::Msg_AsyncMessage) Channel error: cannot send/recv


###!!! [Parent][MessageChannel] Error: (msgtype=0x39014A,name=PContent::Msg_AsyncMessage) Channel error: cannot send/recv


###!!! [Parent][MessageChannel] Error: (msgtype=0x39014A,name=PContent::Msg_AsyncMessage) Channel error: cannot send/recv


###!!! [Parent][MessageChannel] Error: (msgtype=0x39014A,name=PContent::Msg_AsyncMessage) Channel error: cannot send/recv


###!!! [Parent][MessageChannel] Error: (msgtype=0x39014A,name=PContent::Msg_AsyncMessage) Channel error: cannot send/recv


###!!! [Parent][MessageChannel] Error: (msgtype=0x39014A,name=PContent::Msg_AsyncMessage) Channel error: cannot send/recv


###!!! [Parent][MessageChannel] Error: (msgtype=0x39014A,name=PContent::Msg_AsyncMessage) Channel error: cannot send/recv


###!!! [Parent][MessageChannel] Error: (msgtype=0x39014A,name=PContent::Msg_AsyncMessage) Channel error: cannot send/recv


###!!! [Parent][MessageChannel] Error: (msgtype=0x39014A,name=PContent::Msg_AsyncMessage) Channel error: cannot send/recv


###!!! [Parent][MessageChannel] Error: (msgtype=0x39014A,name=PContent::Msg_AsyncMessage) Channel error: cannot send/recv


###!!! [Parent][MessageChannel] Error: (msgtype=0x39014A,name=PContent::Msg_AsyncMessage) Channel error: cannot send/recv


###!!! [Parent][MessageChannel] Error: (msgtype=0x39014A,name=PContent::Msg_AsyncMessage) Channel error: cannot send/recv


###!!! [Parent][MessageChannel] Error: (msgtype=0x39014A,name=PContent::Msg_AsyncMessage) Channel error: cannot send/recv


###!!! [Parent][MessageChannel] Error: (msgtype=0x39014A,name=PContent::Msg_AsyncMessage) Channel error: cannot send/recv


###!!! [Parent][MessageChannel] Error: (msgtype=0x39014A,name=PContent::Msg_AsyncMessage) Channel error: cannot send/recv

[Child 12972, MediaDecoderStateMachine #1] WARNING: Decoder=1a2366b0400 Decode error: NS_ERROR_OUT_OF_MEMORY (0x8007000e): file /builds/worker/checkouts/gecko/dom/media/MediaDecoderStateMachine.cpp:3568

###!!! [Parent][MessageChannel] Error: (msgtype=0x390040,name=PContent::Msg_UpdateSharedData) Channel error: cannot send/recv


###!!! [Parent][MessageChannel] Error: (msgtype=0x390040,name=PContent::Msg_UpdateSharedData) Channel error: cannot send/recv


###!!! [Parent][MessageChannel] Error: (msgtype=0x390040,name=PContent::Msg_UpdateSharedData) Channel error: cannot send/recv

A content process crashed and MOZ_CRASHREPORTER_SHUTDOWN is set, shutting down
1639752205675	Marionette	INFO	Stopped listening on port 58902
[Child 12972, MediaDecoderStateMachine #1] WARNING: Decoder=1a2366b0400 Decode error: NS_ERROR_OUT_OF_MEMORY (0x8007000e): file /builds/worker/checkouts/gecko/dom/media/MediaDecoderStateMachine.cpp:3568
[Child 12972, MediaDecoderStateMachine #1] WARNING: Decoder=1a2366b0400 Decode error: NS_ERROR_OUT_OF_MEMORY (0x8007000e): file /builds/worker/checkouts/gecko/dom/media/MediaDecoderStateMachine.cpp:3568
[Parent 15424, IPC I/O Parent] WARNING: file /builds/worker/checkouts/gecko/ipc/chromium/src/base/process_util_win.cc:167
JavaScript error: resource://gre/actors/AudioPlaybackParent.jsm, line 24: TypeError: browser is null
JavaScript error: chrome://remote/content/marionette/cert.js, line 55: NS_ERROR_NOT_AVAILABLE: Component returned failure code: 0x80040111 (NS_ERROR_NOT_AVAILABLE) [nsICertOverrideService.setDisableAllSecurityChecksAndLetAttackersInterceptMyData]
[Parent 15424, IPC I/O Parent] WARNING: pipe error: 232: file /builds/worker/checkouts/gecko/ipc/chromium/src/chrome/common/ipc_channel_win.cc:542

###!!! [Parent][MessageChannel] Error: (msgtype=0x39008E,name=PContent::Msg_FlushTabState) Channel error: cannot send/recv


###!!! [Parent][MessageChannel] Error: (msgtype=0x39014E,name=PContent::Msg_DiscardBrowsingContext) Channel error: cannot send/recv

A content process crashed and MOZ_CRASHREPORTER_SHUTDOWN is set, shutting down
WARNING: A blocker encountered an error while we were waiting.
          Blocker:  CrashService waiting for content crash ping to be sent
          Phase: profile-before-change
          State: (none)
WARNING: AbortError: IOUtils: Shutting down and refusing additional I/O tasks
WARNING: save/<@resource://gre/modules/CrashManager.jsm:1126:32
save@resource://gre/modules/CrashManager.jsm:1133:7
addCrash/promise<@resource://gre/modules/CrashManager.jsm:464:21
observe@resource://gre/modules/AsyncShutdown.jsm:575:16

JavaScript error: resource://gre/modules/CrashManager.jsm, line 1126: AbortError: IOUtils: Shutting down and refusing additional I/O tasks
JavaScript error: resource://gre/modules/CrashManager.jsm, line 1126: AbortError: IOUtils: Shutting down and refusing additional I/O tasks
JavaScript error: resource://gre/modules/CrashManager.jsm, line 1126: AbortError: IOUtils: Shutting down and refusing additional I/O tasks
1650514652827	geckodriver	INFO	Listening on 127.0.0.1:62762
1650514660087	mozrunner::runner	INFO	Running command: "C:\\Program Files\\Mozilla Firefox\\firefox.exe" "--marionette" "--remote-debugging-port" "62763" "-no-remote" "-profile" "C:\\Users\\TRUYEN~1\\AppData\\Local\\Temp\\rust_mozprofilem5e2F2"
1650514660413	Marionette	INFO	Marionette enabled
DevTools listening on ws://localhost:62763/devtools/browser/6a50146e-1356-44c6-9c0c-632c80d009f8
1650514662480	Marionette	INFO	Listening on port 62768
1650514662806	RemoteAgent	WARN	TLS certificate errors will be ignored for this session
[2022-04-21T04:17:47Z ERROR mp4parse] Found 2 nul bytes in "\u{0}\u{0}"
[2022-04-21T04:17:47Z ERROR mp4parse] Found 2 nul bytes in "\u{0}\u{0}"
[2022-04-21T04:17:47Z ERROR mp4parse] Found 2 nul bytes in "\u{0}\u{0}"
JavaScript warning: https://accounts.google.com/ServiceLogin?service=mail&passive=1209600&osid=1&continue=https://mail.google.com/mail/u/0/&followup=https://mail.google.com/mail/u/0/&emr=1#inbox line 1 > eval line 97 > eval line 1 > eval line 1 > eval, line 1: WEBGL_debug_renderer_info is deprecated in Firefox and will be removed. Please use RENDERER.
[2022-04-21T04:17:47Z ERROR mp4parse] Found 2 nul bytes in "\u{0}\u{0}"
[Child 7480, MediaDecoderStateMachine #1] WARNING: 20ef5b12040 Could not set cubeb stream name.: file /builds/worker/checkouts/gecko/dom/media/AudioStream.cpp:330
[Child 7480, MediaDecoderStateMachine #1] WARNING: 20ef8f739e0 Could not set cubeb stream name.: file /builds/worker/checkouts/gecko/dom/media/AudioStream.cpp:330
[Child 7480, MediaDecoderStateMachine #1] WARNING: 20eeed214a0 Could not set cubeb stream name.: file /builds/worker/checkouts/gecko/dom/media/AudioStream.cpp:330
1650515313525	Marionette	INFO	Stopped listening on port 62768
console.warn: TopSitesFeed: Failed to fetch data from Contile server: NetworkError when attempting to fetch resource.
1650515338555	geckodriver	INFO	Listening on 127.0.0.1:62921
1650515345305	mozrunner::runner	INFO	Running command: "C:\\Program Files\\Mozilla Firefox\\firefox.exe" "--marionette" "--remote-debugging-port" "62922" "-no-remote" "-profile" "C:\\Users\\TRUYEN~1\\AppData\\Local\\Temp\\rust_mozprofileVn9ZMJ"
1650515345712	Marionette	INFO	Marionette enabled
DevTools listening on ws://localhost:62922/devtools/browser/1c9240d9-3524-485c-94a1-f38612154254
1650515347515	Marionette	INFO	Listening on port 62927
1650515347993	RemoteAgent	WARN	TLS certificate errors will be ignored for this session
JavaScript warning: https://accounts.google.com/ServiceLogin?service=mail&passive=1209600&osid=1&continue=https://mail.google.com/mail/u/0/&followup=https://mail.google.com/mail/u/0/&emr=1#inbox line 1 > eval line 251 > eval line 1 > eval line 1 > eval, line 1: WEBGL_debug_renderer_info is deprecated in Firefox and will be removed. Please use RENDERER.
[2022-04-21T04:29:13Z ERROR mp4parse] Found 2 nul bytes in "\u{0}\u{0}"
[2022-04-21T04:29:13Z ERROR mp4parse] Found 2 nul bytes in "\u{0}\u{0}"
[2022-04-21T04:29:13Z ERROR mp4parse] Found 2 nul bytes in "\u{0}\u{0}"
[2022-04-21T04:29:13Z ERROR mp4parse] Found 2 nul bytes in "\u{0}\u{0}"
[Child 6148, MediaDecoderStateMachine #1] WARNING: 25be8e7eba0 Could not set cubeb stream name.: file /builds/worker/checkouts/gecko/dom/media/AudioStream.cpp:330
JavaScript error: , line 0: NotFoundError: No such JSWindowActor 'DevToolsFrame'
JavaScript error: , line 0: NotFoundError: No such JSWindowActor 'DevToolsFrame'
JavaScript error: resource://gre/modules/AsyncShutdown.jsm, line 575: NotFoundError: No such JSWindowActor 'DevToolsFrame'
JavaScript error: resource://gre/modules/AsyncShutdown.jsm, line 575: NotFoundError: No such JSWindowActor 'DevToolsFrame'
1650516030394	Marionette	INFO	Stopped listening on port 62927

###!!! [Parent][PGPUParent] Error: RunMessage(msgname=PGPU::Msg_ShutdownVR) Channel closing: too late to send/recv, messages will be lost

50515784576	Marionette	INFO	Listening on port 63178
1650515784702	RemoteAgent	WARN	TLS certificate errors will be ignored for this session
[2022-04-21T04:36:29Z ERROR mp4parse] Found 2 nul bytes in "\u{0}\u{0}"
[2022-04-21T04:36:29Z ERROR mp4parse] Found 2 nul bytes in "\u{0}\u{0}"
[2022-04-21T04:36:29Z ERROR mp4parse] Found 2 nul bytes in "\u{0}\u{0}"
[2022-04-21T04:36:29Z ERROR mp4parse] Found 2 nul bytes in "\u{0}\u{0}"
JavaScript warning: https://accounts.google.com/ServiceLogin?service=mail&passive=1209600&osid=1&continue=https://mail.google.com/mail/u/0/&followup=https://mail.google.com/mail/u/0/&emr=1#inbox line 1 > eval line 3752 > eval line 1 > eval line 1 > eval, line 1: WEBGL_debug_renderer_info is deprecated in Firefox and will be removed. Please use RENDERER.
[Child 6300, MediaDecoderStateMachine #1] WARNING: 14ea18234a0 Could not set cubeb stream name.: file /builds/worker/checkouts/gecko/dom/media/AudioStream.cpp:330
1650515792716	Marionette	WARN	TimedPromise timed out after 500 ms: stacktrace:
TimedPromise/<@chrome://remote/content/marionette/sync.js:235:19
TimedPromise@chrome://remote/content/marionette/sync.js:220:10
interaction.flushEventLoop@chrome://remote/content/marionette/interaction.js:431:10
webdriverClickElement@chrome://remote/content/marionette/interaction.js:179:31
[2022-04-21T04:41:11Z ERROR mp4parse] Found 2 nul bytes in "\u{0}\u{0}"
[2022-04-21T04:41:11Z ERROR mp4parse] Found 2 nul bytes in "\u{0}\u{0}"
[2022-04-21T04:41:11Z ERROR mp4parse] Found 2 nul bytes in "\u{0}\u{0}"
[2022-04-21T04:41:11Z ERROR mp4parse] Found 2 nul bytes in "\u{0}\u{0}"
[Child 6300, MediaDecoderStateMachine #1] WARNING: 14eb0724f20 Could not set cubeb stream name.: file /builds/worker/checkouts/gecko/dom/media/AudioStream.cpp:330
1650516080968	Marionette	INFO	Stopped listening on port 63178
console.warn: TopSitesFeed: Failed to fetch data from Contile server: NetworkError when attempting to fetch resource.
JavaScript error: chrome://remote/content/marionette/cert.js, line 55: NS_ERROR_NOT_AVAILABLE: Component returned failure code: 0x80040111 (NS_ERROR_NOT_AVAILABLE) [nsICertOverrideService.setDisableAllSecurityChecksAndLetAttackersInterceptMyData]

###!!! [Parent][PContentParent] Error: Send(msgname=PContent::Msg_DestroyBrowsingContextGroup) Closed channel: cannot send/recv

1650516185264	geckodriver	INFO	Listening on 127.0.0.1:63436
1650516191953	mozrunner::runner	INFO	Running command: "C:\\Program Files\\Mozilla Firefox\\firefox.exe" "--marionette" "--remote-debugging-port" "63437" "-no-remote" "-profile" "C:\\Users\\TRUYEN~1\\AppData\\Local\\Temp\\rust_mozprofilevZPgMq"
1650516192255	Marionette	INFO	Marionette enabled
DevTools listening on ws://localhost:63437/devtools/browser/839f392d-336b-4725-8519-25053f04d506
1650516194468	Marionette	INFO	Listening on port 63442
1650516194614	RemoteAgent	WARN	TLS certificate errors will be ignored for this session
[2022-04-21T04:43:18Z ERROR mp4parse] Found 2 nul bytes in "\u{0}\u{0}"
[2022-04-21T04:43:18Z ERROR mp4parse] Found 2 nul bytes in "\u{0}\u{0}"
JavaScript warning: https://accounts.google.com/ServiceLogin?service=mail&passive=1209600&osid=1&continue=https://mail.google.com/mail/u/0/&followup=https://mail.google.com/mail/u/0/&emr=1#inbox line 1 > eval line 5565 > eval line 1 > eval line 1 > eval, line 1: WEBGL_debug_renderer_info is deprecated in Firefox and will be removed. Please use RENDERER.
[2022-04-21T04:43:21Z ERROR mp4parse] Found 2 nul bytes in "\u{0}\u{0}"
[2022-04-21T04:43:21Z ERROR mp4parse] Found 2 nul bytes in "\u{0}\u{0}"
[Child 3624, MediaDecoderStateMachine #1] WARNING: 20c82a8ce40 Could not set cubeb stream name.: file /builds/worker/checkouts/gecko/dom/media/AudioStream.cpp:330
[Child 3624, MediaDecoderStateMachine #1] WARNING: 20c8d868e40 Could not set cubeb stream name.: file /builds/worker/checkouts/gecko/dom/media/AudioStream.cpp:330
[Child 3624, MediaDecoderStateMachine #1] WARNING: 20c8d868e40 Could not set cubeb stream name.: file /builds/worker/checkouts/gecko/dom/media/AudioStream.cpp:330
[2022-04-21T04:48:11Z ERROR mp4parse] Found 2 nul bytes in "\u{0}\u{0}"
[2022-04-21T04:48:11Z ERROR mp4parse] Found 2 nul bytes in "\u{0}\u{0}"
[2022-04-21T04:48:11Z ERROR mp4parse] Found 2 nul bytes in "\u{0}\u{0}"
[2022-04-21T04:48:11Z ERROR mp4parse] Found 2 nul bytes in "\u{0}\u{0}"
[Child 3624, MediaDecoderStateMachine #1] WARNING: 20c8cb96d60 Could not set cubeb stream name.: file /builds/worker/checkouts/gecko/dom/media/AudioStream.cpp:330
1650517086872	geckodriver	INFO	Listening on 127.0.0.1:63741
1650517094072	mozrunner::runner	INFO	Running command: "C:\\Program Files\\Mozilla Firefox\\firefox.exe" "--marionette" "--remote-debugging-port" "63742" "-no-remote" "-profile" "C:\\Users\\TRUYEN~1\\AppData\\Local\\Temp\\rust_mozprofileuR31wr"
1650517094484	Marionette	INFO	Marionette enabled
DevTools listening on ws://localhost:63742/devtools/browser/12a4e76d-924e-47b0-b695-8e846f0a1046
1650517096999	Marionette	INFO	Listening on port 63750
1650517097265	RemoteAgent	WARN	TLS certificate errors will be ignored for this session
[2022-04-21T04:58:22Z ERROR mp4parse] Found 2 nul bytes in "\u{0}\u{0}"
[2022-04-21T04:58:22Z ERROR mp4parse] Found 2 nul bytes in "\u{0}\u{0}"
[2022-04-21T04:58:22Z ERROR mp4parse] Found 2 nul bytes in "\u{0}\u{0}"
[2022-04-21T04:58:22Z ERROR mp4parse] Found 2 nul bytes in "\u{0}\u{0}"
[Child 8660, MediaDecoderStateMachine #1] WARNING: 201a0e19040 Could not set cubeb stream name.: file /builds/worker/checkouts/gecko/dom/media/AudioStream.cpp:330
1650517359475	Marionette	INFO	Stopped listening on port 63750
console.warn: TopSitesFeed: Failed to fetch data from Contile server: NetworkError when attempting to fetch resource.
JavaScript error: chrome://remote/content/marionette/cert.js, line 55: NS_ERROR_NOT_AVAILABLE: Component returned failure code: 0x80040111 (NS_ERROR_NOT_AVAILABLE) [nsICertOverrideService.setDisableAllSecurityChecksAndLetAttackersInterceptMyData]

###!!! [Parent][PGPUParent] Error: RunMessage(msgname=PGPU::Msg_ShutdownVR) Channel closing: too late to send/recv, messages will be lost

1650621443831	geckodriver	INFO	Listening on 127.0.0.1:60467
1650621451187	mozrunner::runner	INFO	Running command: "C:\\Program Files\\Mozilla Firefox\\firefox.exe" "--marionette" "--remote-debugging-port" "60468" "-no-remote" "-profile" "C:\\Users\\TRUYEN~1\\AppData\\Local\\Temp\\rust_mozprofileTzJrPT"
1650621451519	Marionette	INFO	Marionette enabled
DevTools listening on ws://localhost:60468/devtools/browser/e8372e74-f3ba-46a0-8b42-6ee5b11da9ae
1650621453897	Marionette	INFO	Listening on port 60473
1650621454364	RemoteAgent	WARN	TLS certificate errors will be ignored for this session
[2022-04-22T09:57:38Z ERROR mp4parse] Found 2 nul bytes in "\u{0}\u{0}"
[2022-04-22T09:57:38Z ERROR mp4parse] Found 2 nul bytes in "\u{0}\u{0}"
[2022-04-22T09:57:38Z ERROR mp4parse] Found 2 nul bytes in "\u{0}\u{0}"
[2022-04-22T09:57:38Z ERROR mp4parse] Found 2 nul bytes in "\u{0}\u{0}"
JavaScript warning: https://accounts.google.com/ServiceLogin?service=mail&passive=1209600&osid=1&continue=https://mail.google.com/mail/u/0/&followup=https://mail.google.com/mail/u/0/&emr=1#inbox line 1 > eval line 7193 > eval line 1 > eval line 1 > eval, line 1: WEBGL_debug_renderer_info is deprecated in Firefox and will be removed. Please use RENDERER.
[Child 12672, MediaDecoderStateMachine #1] WARNING: 230eefbbf20 Could not set cubeb stream name.: file /builds/worker/checkouts/gecko/dom/media/AudioStream.cpp:330

###!!! [Parent][PBackgroundParent] Error: RunMessage(msgname=PBackgroundIDBDatabase::Msg_Close) Channel closing: too late to send/recv, messages will be lost

1650621494392	Marionette	INFO	Stopped listening on port 60473
console.warn: TopSitesFeed: Failed to fetch data from Contile server: NetworkError when attempting to fetch resource.
JavaScript error: chrome://remote/content/marionette/cert.js, line 55: NS_ERROR_NOT_AVAILABLE: Component returned failure code: 0x80040111 (NS_ERROR_NOT_AVAILABLE) [nsICertOverrideService.setDisableAllSecurityChecksAndLetAttackersInterceptMyData]
1650621549837	geckodriver	INFO	Listening on 127.0.0.1:60571
1650621557352	mozrunner::runner	INFO	Running command: "C:\\Program Files\\Mozilla Firefox\\firefox.exe" "--marionette" "-headless" "--remote-debugging-port" "60572" "-no-remote" "-profile" "C:\\Users\\TRUYEN~1\\AppData\\Local\\Temp\\rust_mozprofileqlRuza"
*** You are running in headless mode.
1650621557608	Marionette	INFO	Marionette enabled
[GFX1-]: RenderCompositorSWGL failed mapping default framebuffer, no dt
DevTools listening on ws://localhost:60572/devtools/browser/2dc8f3f0-8b67-4e7a-8eb4-5b81859806c1
1650621558953	Marionette	INFO	Listening on port 60577
1650621559404	RemoteAgent	WARN	TLS certificate errors will be ignored for this session
[2022-04-22T09:59:23Z ERROR mp4parse] Found 2 nul bytes in "\u{0}\u{0}"
[2022-04-22T09:59:23Z ERROR mp4parse] Found 2 nul bytes in "\u{0}\u{0}"
[2022-04-22T09:59:23Z ERROR mp4parse] Found 2 nul bytes in "\u{0}\u{0}"
[2022-04-22T09:59:23Z ERROR mp4parse] Found 2 nul bytes in "\u{0}\u{0}"
[Child 9020, MediaDecoderStateMachine #1] WARNING: 1d5dbe1f040 Could not set cubeb stream name.: file /builds/worker/checkouts/gecko/dom/media/AudioStream.cpp:330
1650621612721	geckodriver	INFO	Listening on 127.0.0.1:63580
1650621620103	mozrunner::runner	INFO	Running command: "C:\\Program Files\\Mozilla Firefox\\firefox.exe" "--marionette" "--remote-debugging-port" "63581" "-no-remote" "-profile" "C:\\Users\\TRUYEN~1\\AppData\\Local\\Temp\\rust_mozprofile8ryynT"
1650621620486	Marionette	INFO	Marionette enabled
DevTools listening on ws://localhost:63581/devtools/browser/650953f6-85f9-4904-8480-7a68eda55a8a
1650621622449	Marionette	INFO	Listening on port 63586
1650621622779	RemoteAgent	WARN	TLS certificate errors will be ignored for this session
[2022-04-22T10:00:29Z ERROR mp4parse] Found 2 nul bytes in "\u{0}\u{0}"
[2022-04-22T10:00:29Z ERROR mp4parse] Found 2 nul bytes in "\u{0}\u{0}"
[2022-04-22T10:00:29Z ERROR mp4parse] Found 2 nul bytes in "\u{0}\u{0}"
[2022-04-22T10:00:29Z ERROR mp4parse] Found 2 nul bytes in "\u{0}\u{0}"
[Child 11956, MediaDecoderStateMachine #1] WARNING: 1aeeaab72e0 Could not set cubeb stream name.: file /builds/worker/checkouts/gecko/dom/media/AudioStream.cpp:330
1650621848999	Marionette	INFO	Stopped listening on port 63586
console.warn: TopSitesFeed: Failed to fetch data from Contile server: NetworkError when attempting to fetch resource.
[Parent 1236, IPC I/O Parent] WARNING: file /builds/worker/checkouts/gecko/ipc/chromium/src/base/process_util_win.cc:167

###!!! [Parent][PGPUParent] Error: RunMessage(msgname=PGPU::Msg_ShutdownVR) Channel closing: too late to send/recv, messages will be lost

1650622041195	geckodriver	INFO	Listening on 127.0.0.1:63681
1650622048410	mozrunner::runner	INFO	Running command: "C:\\Program Files\\Mozilla Firefox\\firefox.exe" "--marionette" "--remote-debugging-port" "63682" "-no-remote" "-profile" "C:\\Users\\TRUYEN~1\\AppData\\Local\\Temp\\rust_mozprofilelYcmLU"
1650622048756	Marionette	INFO	Marionette enabled
DevTools listening on ws://localhost:63682/devtools/browser/b0a2a3d3-6097-463d-b76e-d56d40e8cc7e
1650622050910	Marionette	INFO	Listening on port 63687
1650622051090	RemoteAgent	WARN	TLS certificate errors will be ignored for this session
[2022-04-22T10:07:35Z ERROR mp4parse] Found 2 nul bytes in "\u{0}\u{0}"
[2022-04-22T10:07:35Z ERROR mp4parse] Found 2 nul bytes in "\u{0}\u{0}"
[2022-04-22T10:07:35Z ERROR mp4parse] Found 2 nul bytes in "\u{0}\u{0}"
[2022-04-22T10:07:35Z ERROR mp4parse] Found 2 nul bytes in "\u{0}\u{0}"
JavaScript warning: https://accounts.google.com/ServiceLogin?service=mail&passive=1209600&osid=1&continue=https://mail.google.com/mail/u/0/&followup=https://mail.google.com/mail/u/0/&emr=1#inbox line 1 > eval line 2054 > eval line 1 > eval line 1 > eval, line 1: WEBGL_debug_renderer_info is deprecated in Firefox and will be removed. Please use RENDERER.
[Child 8828, MediaDecoderStateMachine #1] WARNING: 197d02dbf20 Could not set cubeb stream name.: file /builds/worker/checkouts/gecko/dom/media/AudioStream.cpp:330
[2022-04-22T10:12:28Z ERROR mp4parse] Found 2 nul bytes in "\u{0}\u{0}"
[2022-04-22T10:12:28Z ERROR mp4parse] Found 2 nul bytes in "\u{0}\u{0}"
[2022-04-22T10:12:28Z ERROR mp4parse] Found 2 nul bytes in "\u{0}\u{0}"
[2022-04-22T10:12:28Z ERROR mp4parse] Found 2 nul bytes in "\u{0}\u{0}"
[Child 8828, MediaDecoderStateMachine #1] WARNING: 197d1ec5f20 Could not set cubeb stream name.: file /builds/worker/checkouts/gecko/dom/media/AudioStream.cpp:330
1650622362417	Marionette	INFO	Stopped listening on port 63687
console.warn: TopSitesFeed: Failed to fetch data from Contile server: NetworkError when attempting to fetch resource.
JavaScript error: chrome://remote/content/marionette/cert.js, line 55: NS_ERROR_NOT_AVAILABLE: Component returned failure code: 0x80040111 (NS_ERROR_NOT_AVAILABLE) [nsICertOverrideService.setDisableAllSecurityChecksAndLetAttackersInterceptMyData]
1650622535368	geckodriver	INFO	Listening on 127.0.0.1:63807
1650622542480	mozrunner::runner	INFO	Running command: "C:\\Program Files\\Mozilla Firefox\\firefox.exe" "--marionette" "-headless" "--remote-debugging-port" "63808" "-no-remote" "-profile" "C:\\Users\\TRUYEN~1\\AppData\\Local\\Temp\\rust_mozprofileW8ZkUP"
*** You are running in headless mode.
1650622542811	Marionette	INFO	Marionette enabled
[GFX1-]: RenderCompositorSWGL failed mapping default framebuffer, no dt
DevTools listening on ws://localhost:63808/devtools/browser/40cdc73b-8422-4e3d-ad81-fedca4a79bdc
1650622544314	Marionette	INFO	Listening on port 63813
1650622544542	RemoteAgent	WARN	TLS certificate errors will be ignored for this session
JavaScript warning: https://accounts.google.com/ServiceLogin?service=mail&passive=1209600&osid=1&continue=https://mail.google.com/mail/u/0/&followup=https://mail.google.com/mail/u/0/&emr=1#inbox line 1 > eval line 1947 > eval line 1 > eval line 1 > eval, line 1: WEBGL_debug_renderer_info is deprecated in Firefox and will be removed. Please use RENDERER.
[2022-04-22T10:15:48Z ERROR mp4parse] Found 2 nul bytes in "\u{0}\u{0}"
[2022-04-22T10:15:49Z ERROR mp4parse] Found 2 nul bytes in "\u{0}\u{0}"
[2022-04-22T10:15:51Z ERROR mp4parse] Found 2 nul bytes in "\u{0}\u{0}"
[2022-04-22T10:15:51Z ERROR mp4parse] Found 2 nul bytes in "\u{0}\u{0}"

###!!! [Parent][PBackgroundParent] Error: RunMessage(msgname=PBackgroundIDBDatabase::Msg_Close) Channel closing: too late to send/recv, messages will be lost

 "--marionette" "--remote-debugging-port" "63901" "-no-remote" "-profile" "C:\\Users\\TRUYEN~1\\AppData\\Local\\Temp\\rust_mozprofileJFtgec"
1650622573383	Marionette	INFO	Marionette enabled
DevTools listening on ws://localhost:63901/devtools/browser/a5febdaa-863b-41cc-974b-3769f19efaf2
1650622575259	Marionette	INFO	Listening on port 63906
1650622575708	RemoteAgent	WARN	TLS certificate errors will be ignored for this session
[2022-04-22T10:16:19Z ERROR mp4parse] Found 2 nul bytes in "\u{0}\u{0}"
[2022-04-22T10:16:19Z ERROR mp4parse] Found 2 nul bytes in "\u{0}\u{0}"
[2022-04-22T10:16:19Z ERROR mp4parse] Found 2 nul bytes in "\u{0}\u{0}"
[2022-04-22T10:16:19Z ERROR mp4parse] Found 2 nul bytes in "\u{0}\u{0}"
JavaScript warning: https://accounts.google.com/ServiceLogin?service=mail&passive=1209600&osid=1&continue=https://mail.google.com/mail/u/0/&followup=https://mail.google.com/mail/u/0/&emr=1#inbox line 1 > eval line 7219 > eval line 1 > eval line 1 > eval, line 1: WEBGL_debug_renderer_info is deprecated in Firefox and will be removed. Please use RENDERER.
[Child 10812, MediaDecoderStateMachine #1] WARNING: 1e0573ab580 Could not set cubeb stream name.: file /builds/worker/checkouts/gecko/dom/media/AudioStream.cpp:330
[2022-04-22T10:21:12Z ERROR mp4parse] Found 2 nul bytes in "\u{0}\u{0}"
[2022-04-22T10:21:12Z ERROR mp4parse] Found 2 nul bytes in "\u{0}\u{0}"
[2022-04-22T10:21:12Z ERROR mp4parse] Found 2 nul bytes in "\u{0}\u{0}"
[2022-04-22T10:21:12Z ERROR mp4parse] Found 2 nul bytes in "\u{0}\u{0}"
[Child 10812, MediaDecoderStateMachine #1] WARNING: 1e05c4329e0 Could not set cubeb stream name.: file /builds/worker/checkouts/gecko/dom/media/AudioStream.cpp:330
1650623003404	Marionette	INFO	Stopped listening on port 63906
console.warn: TopSitesFeed: Failed to fetch data from Contile server: NetworkError when attempting to fetch resource.
JavaScript error: chrome://remote/content/marionette/cert.js, line 55: NS_ERROR_NOT_AVAILABLE: Component returned failure code: 0x80040111 (NS_ERROR_NOT_AVAILABLE) [nsICertOverrideService.setDisableAllSecurityChecksAndLetAttackersInterceptMyData]
[Parent 7408, IPC I/O Parent] WARNING: file /builds/worker/checkouts/gecko/ipc/chromium/src/base/process_util_win.cc:167

###!!! [Parent][PBackgroundParent] Error: RunMessage(msgname=PRemoteWorkerService::Msg___delete__) Channel closing: too late to send/recv, messages will be lost

1650623058244	geckodriver	INFO	Listening on 127.0.0.1:64036
1650623065502	mozrunner::runner	INFO	Running command: "C:\\Program Files\\Mozilla Firefox\\firefox.exe" "--marionette" "--remote-debugging-port" "64037" "-no-remote" "-profile" "C:\\Users\\TRUYEN~1\\AppData\\Local\\Temp\\rust_mozprofileGPZStD"
1650623065850	Marionette	INFO	Marionette enabled
DevTools listening on ws://localhost:64037/devtools/browser/f221d0da-3015-4a03-b556-461b8cc21ba7
1650623068089	Marionette	INFO	Listening on port 64042
1650623068184	RemoteAgent	WARN	TLS certificate errors will be ignored for this session
[2022-04-22T10:24:32Z ERROR mp4parse] Found 2 nul bytes in "\u{0}\u{0}"
[2022-04-22T10:24:32Z ERROR mp4parse] Found 2 nul bytes in "\u{0}\u{0}"
[2022-04-22T10:24:32Z ERROR mp4parse] Found 2 nul bytes in "\u{0}\u{0}"
[2022-04-22T10:24:32Z ERROR mp4parse] Found 2 nul bytes in "\u{0}\u{0}"
JavaScript warning: https://accounts.google.com/ServiceLogin?service=mail&passive=1209600&osid=1&continue=https://mail.google.com/mail/u/0/&followup=https://mail.google.com/mail/u/0/&emr=1#inbox line 1 > eval line 3409 > eval line 1 > eval line 1 > eval, line 1: WEBGL_debug_renderer_info is deprecated in Firefox and will be removed. Please use RENDERER.
[Child 5512, MediaDecoderStateMachine #1] WARNING: 22ab6932040 Could not set cubeb stream name.: file /builds/worker/checkouts/gecko/dom/media/AudioStream.cpp:330
1650623090659	Marionette	INFO	Stopped listening on port 64042
console.warn: TopSitesFeed: Failed to fetch data from Contile server: NetworkError when attempting to fetch resource.
JavaScript error: chrome://remote/content/marionette/cert.js, line 55: NS_ERROR_NOT_AVAILABLE: Component returned failure code: 0x80040111 (NS_ERROR_NOT_AVAILABLE) [nsICertOverrideService.setDisableAllSecurityChecksAndLetAttackersInterceptMyData]
1650623398761	geckodriver	INFO	Listening on 127.0.0.1:64133
1650623405924	mozrunner::runner	INFO	Running command: "C:\\Program Files\\Mozilla Firefox\\firefox.exe" "--marionette" "--remote-debugging-port" "64134" "-no-remote" "-profile" "C:\\Users\\TRUYEN~1\\AppData\\Local\\Temp\\rust_mozprofilePbFtzr"
1650623406259	Marionette	INFO	Marionette enabled
DevTools listening on ws://localhost:64134/devtools/browser/8e90227b-58cd-44d9-82cf-bd47847a7e02
1650623408366	Marionette	INFO	Listening on port 64139
1650623408609	RemoteAgent	WARN	TLS certificate errors will be ignored for this session
[2022-04-22T10:30:12Z ERROR mp4parse] Found 2 nul bytes in "\u{0}\u{0}"
[2022-04-22T10:30:12Z ERROR mp4parse] Found 2 nul bytes in "\u{0}\u{0}"
[2022-04-22T10:30:12Z ERROR mp4parse] Found 2 nul bytes in "\u{0}\u{0}"
[2022-04-22T10:30:12Z ERROR mp4parse] Found 2 nul bytes in "\u{0}\u{0}"
[Child 6964, MediaDecoderStateMachine #1] WARNING: 24921a25e40 Could not set cubeb stream name.: file /builds/worker/checkouts/gecko/dom/media/AudioStream.cpp:330
1650623434534	Marionette	INFO	Stopped listening on port 64139
console.warn: TopSitesFeed: Failed to fetch data from Contile server: NetworkError when attempting to fetch resource.
JavaScript error: chrome://remote/content/marionette/cert.js, line 55: NS_ERROR_NOT_AVAILABLE: Component returned failure code: 0x80040111 (NS_ERROR_NOT_AVAILABLE) [nsICertOverrideService.setDisableAllSecurityChecksAndLetAttackersInterceptMyData]

###!!! [Child][PContentChild] Error: Send(msgname=PNecko::Msg_RemoveRequestContext) Channel closing: too late to send/recv, messages will be lost


###!!! [Child][PContentChild] Error: RunMessage(msgname=PContent::Msg_DestroyBrowsingContextGroup) Channel closing: too late to send/recv, messages will be lost

1650623530829	geckodriver	INFO	Listening on 127.0.0.1:51295
1650623537959	mozrunner::runner	INFO	Running command: "C:\\Program Files\\Mozilla Firefox\\firefox.exe" "--marionette" "--remote-debugging-port" "51296" "-no-remote" "-profile" "C:\\Users\\TRUYEN~1\\AppData\\Local\\Temp\\rust_mozprofileisRntP"
1650623538256	Marionette	INFO	Marionette enabled
DevTools listening on ws://localhost:51296/devtools/browser/21bdd5b2-a4a7-4871-a5d1-19ea3bf3a9e2
1650623540422	Marionette	INFO	Listening on port 51301
1650623540622	RemoteAgent	WARN	TLS certificate errors will be ignored for this session
[2022-04-22T10:32:24Z ERROR mp4parse] Found 2 nul bytes in "\u{0}\u{0}"
[2022-04-22T10:32:24Z ERROR mp4parse] Found 2 nul bytes in "\u{0}\u{0}"
[2022-04-22T10:32:24Z ERROR mp4parse] Found 2 nul bytes in "\u{0}\u{0}"
[2022-04-22T10:32:24Z ERROR mp4parse] Found 2 nul bytes in "\u{0}\u{0}"
JavaScript warning: https://accounts.google.com/ServiceLogin?service=mail&passive=1209600&osid=1&continue=https://mail.google.com/mail/u/0/&followup=https://mail.google.com/mail/u/0/&emr=1#inbox line 1 > eval line 2177 > eval line 1 > eval line 1 > eval, line 1: WEBGL_debug_renderer_info is deprecated in Firefox and will be removed. Please use RENDERER.
[Child 9992, MediaDecoderStateMachine #1] WARNING: 26d9721b2e0 Could not set cubeb stream name.: file /builds/worker/checkouts/gecko/dom/media/AudioStream.cpp:330
[Child 9992, MediaDecoderStateMachine #1] WARNING: 26d9a584580 Could not set cubeb stream name.: file /builds/worker/checkouts/gecko/dom/media/AudioStream.cpp:330
JavaScript warning: https://pagead2.googlesyndication.com/bg/JAPUMHT_zNnrVfwA4fX3UESFQekER8YYbnBYivkpjVo.js line 1 > eval line 4934 > eval line 1 > eval line 1 > eval, line 1: WEBGL_debug_renderer_info is deprecated in Firefox and will be removed. Please use RENDERER.
[Child 9992, MediaDecoderStateMachine #1] WARNING: 26d9a584580 Could not set cubeb stream name.: file /builds/worker/checkouts/gecko/dom/media/AudioStream.cpp:330
[2022-04-22T10:35:44Z ERROR mp4parse] Found 2 nul bytes in "\u{0}\u{0}"
[2022-04-22T10:35:44Z ERROR mp4parse] Found 2 nul bytes in "\u{0}\u{0}"
[2022-04-22T10:35:44Z ERROR mp4parse] Found 2 nul bytes in "\u{0}\u{0}"
[2022-04-22T10:35:44Z ERROR mp4parse] Found 2 nul bytes in "\u{0}\u{0}"
[Child 9992, MediaDecoderStateMachine #1] WARNING: 26d988d8f20 Could not set cubeb stream name.: file /builds/worker/checkouts/gecko/dom/media/AudioStream.cpp:330
